Using pre-set license
Built from '2021.3/staging' branch; Version is '2021.3.3f1 (af2e63e8f9bd) revision 11480675'; Using compiler version '192829333'; Build Type 'Release'
OS: 'Windows 10  (10.0.19044) 64bit Core' Language: 'ja' Physical Memory: 16228 MB
BatchMode: 1, IsHumanControllingUs: 0, StartBugReporterOnCrash: 0, Is64bit: 1, IsPro: 1

COMMAND LINE ARGUMENTS:
C:\Program Files\2021.3.3f1\Editor\Unity.exe
-adb2
-batchMode
-noUpm
-name
AssetImportWorker0
-projectPath
C:/Users/keinm/OneDrive/ドキュメント/GitHub/VisualEffectGraph
-logFile
Logs/AssetImportWorker0.log
-srvPort
57492
Successfully changed project path to: C:/Users/keinm/OneDrive/ドキュメント/GitHub/VisualEffectGraph
C:/Users/keinm/OneDrive/ドキュメント/GitHub/VisualEffectGraph
[UnityMemory] Configuration Parameters - Can be set up in boot.config
    "memorysetup-bucket-allocator-granularity=16"
    "memorysetup-bucket-allocator-bucket-count=8"
    "memorysetup-bucket-allocator-block-size=33554432"
    "memorysetup-bucket-allocator-block-count=8"
    "memorysetup-main-allocator-block-size=16777216"
    "memorysetup-thread-allocator-block-size=16777216"
    "memorysetup-gfx-main-allocator-block-size=16777216"
    "memorysetup-gfx-thread-allocator-block-size=16777216"
    "memorysetup-cache-allocator-block-size=4194304"
    "memorysetup-typetree-allocator-block-size=2097152"
    "memorysetup-profiler-bucket-allocator-granularity=16"
    "memorysetup-profiler-bucket-allocator-bucket-count=8"
    "memorysetup-profiler-bucket-allocator-block-size=33554432"
    "memorysetup-profiler-bucket-allocator-block-count=8"
    "memorysetup-profiler-allocator-block-size=16777216"
    "memorysetup-profiler-editor-allocator-block-size=1048576"
    "memorysetup-temp-allocator-size-main=16777216"
    "memorysetup-job-temp-allocator-block-size=2097152"
    "memorysetup-job-temp-allocator-block-size-background=1048576"
    "memorysetup-job-temp-allocator-reduction-small-platforms=262144"
    "memorysetup-temp-allocator-size-background-worker=32768"
    "memorysetup-temp-allocator-size-job-worker=262144"
    "memorysetup-temp-allocator-size-preload-manager=33554432"
    "memorysetup-temp-allocator-size-nav-mesh-worker=65536"
    "memorysetup-temp-allocator-size-audio-worker=65536"
    "memorysetup-temp-allocator-size-cloud-worker=32768"
    "memorysetup-temp-allocator-size-gi-baking-worker=262144"
    "memorysetup-temp-allocator-size-gfx=262144"
Refreshing native plugins compatible for Editor in 138.69 ms, found 3 plugins.
Preloading 0 native plugins for Editor in 0.00 ms.
Initialize engine version: 2021.3.3f1 (af2e63e8f9bd)
[Subsystems] Discovering subsystems at path C:/Program Files/2021.3.3f1/Editor/Data/Resources/UnitySubsystems
[Subsystems] Discovering subsystems at path C:/Users/keinm/OneDrive/ドキュメント/GitHub/VisualEffectGraph/Assets
GfxDevice: creating device client; threaded=0; jobified=0
Direct3D:
    Version:  Direct3D 11.0 [level 11.1]
    Renderer: NVIDIA GeForce RTX 2070 with Max-Q Design (ID=0x1f10)
    Vendor:   NVIDIA
    VRAM:     8031 MB
    Driver:   30.0.14.9613
Initialize mono
Mono path[0] = 'C:/Program Files/2021.3.3f1/Editor/Data/Managed'
Mono path[1] = 'C:/Program Files/2021.3.3f1/Editor/Data/MonoBleedingEdge/lib/mono/unityjit-win32'
Mono config path = 'C:/Program Files/2021.3.3f1/Editor/Data/MonoBleedingEdge/etc'
Using monoOptions --debugger-agent=transport=dt_socket,embedding=1,server=y,suspend=n,address=127.0.0.1:56088
Begin MonoManager ReloadAssembly
Registering precompiled unity dll's ...
Register platform support module: C:/Program Files/2021.3.3f1/Editor/Data/PlaybackEngines/WebGLSupport/UnityEditor.WebGL.Extensions.dll
Register platform support module: C:/Program Files/2021.3.3f1/Editor/Data/PlaybackEngines/MacStandaloneSupport/UnityEditor.OSXStandalone.Extensions.dll
Register platform support module: C:/Program Files/2021.3.3f1/Editor/Data/PlaybackEngines/AndroidPlayer/UnityEditor.Android.Extensions.dll
Register platform support module: C:/Program Files/2021.3.3f1/Editor/Data/PlaybackEngines/iOSSupport/UnityEditor.iOS.Extensions.dll
Register platform support module: C:/Program Files/2021.3.3f1/Editor/Data/PlaybackEngines/WindowsStandaloneSupport/UnityEditor.WindowsStandalone.Extensions.dll
Registered in 0.015363 seconds.
Native extension for WindowsStandalone target not found
[usbmuxd] Start listen thread
[usbmuxd] Listen thread started
[usbmuxd] Send listen message
Native extension for iOS target not found
Native extension for Android target not found
Native extension for OSXStandalone target not found
Native extension for WebGL target not found
Refreshing native plugins compatible for Editor in 141.94 ms, found 3 plugins.
Preloading 0 native plugins for Editor in 0.00 ms.
Mono: successfully reloaded assembly
- Completed reload, in  0.842 seconds
Domain Reload Profiling:
	ReloadAssembly (842ms)
		BeginReloadAssembly (111ms)
			ExecutionOrderSort (0ms)
			DisableScriptedObjects (0ms)
			BackupInstance (0ms)
			ReleaseScriptingObjects (0ms)
			CreateAndSetChildDomain (1ms)
		EndReloadAssembly (579ms)
			LoadAssemblies (108ms)
			RebuildTransferFunctionScriptingTraits (0ms)
			SetupTypeCache (127ms)
			ReleaseScriptCaches (0ms)
			RebuildScriptCaches (28ms)
			SetupLoadedEditorAssemblies (366ms)
				LogAssemblyErrors (0ms)
				InitializePlatformSupportModulesInManaged (75ms)
				SetLoadedEditorAssemblies (0ms)
				RefreshPlugins (142ms)
				BeforeProcessingInitializeOnLoad (1ms)
				ProcessInitializeOnLoadAttributes (101ms)
				ProcessInitializeOnLoadMethodAttributes (47ms)
				AfterProcessingInitializeOnLoad (0ms)
				EditorAssembliesLoaded (0ms)
			ExecutionOrderSort2 (0ms)
			AwakeInstancesAfterBackupRestoration (0ms)
Platform modules already initialized, skipping
Registering precompiled user dll's ...
Registered in 0.014533 seconds.
Begin MonoManager ReloadAssembly
Symbol file LoadedFromMemory doesn't match image C:\Users\keinm\OneDrive\ドキュメント\GitHub\VisualEffectGraph\Library\PackageCache\com.unity.visualscripting@1.7.6\Editor\VisualScripting.Core\Dependencies\YamlDotNet\Unity.VisualScripting.YamlDotNet.dll
Symbol file LoadedFromMemory doesn't match image C:\Users\keinm\OneDrive\ドキュメント\GitHub\VisualEffectGraph\Library\PackageCache\com.unity.visualscripting@1.7.6\Editor\VisualScripting.Core\Dependencies\DotNetZip\Unity.VisualScripting.IonicZip.dll
Native extension for WindowsStandalone target not found
Native extension for iOS target not found
Native extension for Android target not found
Native extension for OSXStandalone target not found
Native extension for WebGL target not found
Refreshing native plugins compatible for Editor in 181.19 ms, found 3 plugins.
Preloading 0 native plugins for Editor in 0.00 ms.
Mono: successfully reloaded assembly
- Completed reload, in  2.412 seconds
Domain Reload Profiling:
	ReloadAssembly (2413ms)
		BeginReloadAssembly (285ms)
			ExecutionOrderSort (0ms)
			DisableScriptedObjects (11ms)
			BackupInstance (0ms)
			ReleaseScriptingObjects (0ms)
			CreateAndSetChildDomain (140ms)
		EndReloadAssembly (1941ms)
			LoadAssemblies (168ms)
			RebuildTransferFunctionScriptingTraits (0ms)
			SetupTypeCache (552ms)
			ReleaseScriptCaches (1ms)
			RebuildScriptCaches (120ms)
			SetupLoadedEditorAssemblies (1046ms)
				LogAssemblyErrors (0ms)
				InitializePlatformSupportModulesInManaged (35ms)
				SetLoadedEditorAssemblies (0ms)
				RefreshPlugins (181ms)
				BeforeProcessingInitializeOnLoad (192ms)
				ProcessInitializeOnLoadAttributes (404ms)
				ProcessInitializeOnLoadMethodAttributes (220ms)
				AfterProcessingInitializeOnLoad (13ms)
				EditorAssembliesLoaded (0ms)
			ExecutionOrderSort2 (0ms)
			AwakeInstancesAfterBackupRestoration (10ms)
Platform modules already initialized, skipping
========================================================================
Worker process is ready to serve import requests
Launched and connected shader compiler UnityShaderCompiler.exe after 0.06 seconds
Refreshing native plugins compatible for Editor in 2.54 ms, found 3 plugins.
Preloading 0 native plugins for Editor in 0.00 ms.
Unloading 6223 Unused Serialized files (Serialized files now loaded: 0)
Unloading 53 unused Assets / (3.8 MB). Loaded Objects now: 6676.
Memory consumption went from 283.3 MB to 279.6 MB.
Total: 7.261200 ms (FindLiveObjects: 0.711100 ms CreateObjectMapping: 0.742800 ms MarkObjects: 4.731500 ms  DeleteObjects: 1.074300 ms)

AssetImportParameters requested are different than current active one (requested -> active):
  custom:video-decoder-ogg-theora: a1e56fd34408186e4bbccfd4996cb3dc -> 
  custom:container-muxer-webm: aa71ff27fc2769a1b78a27578f13a17b -> 
  custom:container-demuxer-webm: 4f35f7cbe854078d1ac9338744f61a02 -> 
  custom:video-encoder-webm-vp8: eb34c28f22e8b96e1ab97ce403110664 -> 
  custom:video-codec-MediaFoundation-h265: 746d11721c4dcdbdad8f713fa42b33f4 -> 
  custom:audio-encoder-webm-vorbis: bf7c407c2cedff20999df2af8eb42d56 -> 
  custom:framework-win-MediaFoundation: 216162199b28c13a410421893ffa2e32 -> 
  custom:container-demuxer-ogg: 62fdf1f143b41e24485cea50d1cbac27 -> 
  custom:video-decoder-webm-vp8: 9c59270c3fd7afecdb556c50c9e8de78 -> 
  custom:audio-decoder-ogg-vorbis: bf7c407c2cedff20999df2af8eb42d56 -> 
========================================================================
Received Import Request.
  Time since last request: 509871.439605 seconds.
  path: Assets/_VisualEffectAssets/p02.vfx
  artifactKey: Guid(4b3b3b81b76b8e44b80b666ebc6a3bdf) Importer(815301076,1909f56bfc062723c751e8b465ee728b)
Start importing Assets/_VisualEffectAssets/p02.vfx using Guid(4b3b3b81b76b8e44b80b666ebc6a3bdf) Importer(815301076,1909f56bfc062723c751e8b465ee728b)  -> (artifact id: '5ac0569480d2daf2d761ac8e22bb3e9e') in 1.118559 seconds 
========================================================================
Received Import Request.
  Time since last request: 330.982750 seconds.
  path: Assets/_VisualEffectAssets
  artifactKey: Guid(f611c2a039c63c8488484e9bca8ba65c) Importer(815301076,1909f56bfc062723c751e8b465ee728b)
Start importing Assets/_VisualEffectAssets using Guid(f611c2a039c63c8488484e9bca8ba65c) Importer(815301076,1909f56bfc062723c751e8b465ee728b)  -> (artifact id: '1cffcc0236831b67ef6b055cdb3cb249') in 0.002538 seconds 
========================================================================
Received Import Request.
  Time since last request: 311.770981 seconds.
  path: Assets/_VisualEffectAssets/p03.vfx
  artifactKey: Guid(11833b80be9ca014f9027e33799ba9ec) Importer(815301076,1909f56bfc062723c751e8b465ee728b)
Start importing Assets/_VisualEffectAssets/p03.vfx using Guid(11833b80be9ca014f9027e33799ba9ec) Importer(815301076,1909f56bfc062723c751e8b465ee728b)  -> (artifact id: 'f37904747f034e283b4c3417eec4ea5f') in 0.549989 seconds 
========================================================================
Received Import Request.
  Time since last request: 0.339493 seconds.
  path: Assets/_VisualEffectAssets/p03.vfx
  artifactKey: Guid(11833b80be9ca014f9027e33799ba9ec) Importer(815301076,1909f56bfc062723c751e8b465ee728b)
Start importing Assets/_VisualEffectAssets/p03.vfx using Guid(11833b80be9ca014f9027e33799ba9ec) Importer(815301076,1909f56bfc062723c751e8b465ee728b)  -> (artifact id: '06c141df79f487c77f391f39dd0984d4') in 1.000260 seconds 
========================================================================
Received Import Request.
  Time since last request: 36.473004 seconds.
  path: Assets/_VisualEffectAssets/p03.vfx
  artifactKey: Guid(11833b80be9ca014f9027e33799ba9ec) Importer(815301076,1909f56bfc062723c751e8b465ee728b)
Start importing Assets/_VisualEffectAssets/p03.vfx using Guid(11833b80be9ca014f9027e33799ba9ec) Importer(815301076,1909f56bfc062723c751e8b465ee728b)  -> (artifact id: 'ec63f2bce1a151746ec96a48af1fa9a1') in 0.385331 seconds 
========================================================================
Received Import Request.
  Time since last request: 13.080379 seconds.
  path: Assets/_VisualEffectAssets/p03.vfx
  artifactKey: Guid(11833b80be9ca014f9027e33799ba9ec) Importer(815301076,1909f56bfc062723c751e8b465ee728b)
Start importing Assets/_VisualEffectAssets/p03.vfx using Guid(11833b80be9ca014f9027e33799ba9ec) Importer(815301076,1909f56bfc062723c751e8b465ee728b)  -> (artifact id: '2554fd134200036e0a05dd53e98a058f') in 0.387678 seconds 
========================================================================
Received Import Request.
  Time since last request: 11.759183 seconds.
  path: Assets/_VisualEffectAssets/p03.vfx
  artifactKey: Guid(11833b80be9ca014f9027e33799ba9ec) Importer(815301076,1909f56bfc062723c751e8b465ee728b)
Start importing Assets/_VisualEffectAssets/p03.vfx using Guid(11833b80be9ca014f9027e33799ba9ec) Importer(815301076,1909f56bfc062723c751e8b465ee728b)  -> (artifact id: 'dd5330655577b9b709185b2208ec95f6') in 0.412930 seconds 
========================================================================
Received Import Request.
  Time since last request: 45.418402 seconds.
  path: Assets/_VisualEffectAssets/p03.vfx
  artifactKey: Guid(11833b80be9ca014f9027e33799ba9ec) Importer(815301076,1909f56bfc062723c751e8b465ee728b)
Start importing Assets/_VisualEffectAssets/p03.vfx using Guid(11833b80be9ca014f9027e33799ba9ec) Importer(815301076,1909f56bfc062723c751e8b465ee728b)  -> (artifact id: 'dd017652a1f3e8bab88a53b056ac4ea8') in 0.402400 seconds 
========================================================================
Received Import Request.
  Time since last request: 1.364681 seconds.
  path: Assets/_VisualEffectAssets/p03.vfx
  artifactKey: Guid(11833b80be9ca014f9027e33799ba9ec) Importer(815301076,1909f56bfc062723c751e8b465ee728b)
Start importing Assets/_VisualEffectAssets/p03.vfx using Guid(11833b80be9ca014f9027e33799ba9ec) Importer(815301076,1909f56bfc062723c751e8b465ee728b)  -> (artifact id: '61a91cc0a17203e7c23acfa6176a8d69') in 0.415393 seconds 
========================================================================
Received Import Request.
  Time since last request: 1.391402 seconds.
  path: Assets/_VisualEffectAssets/p03.vfx
  artifactKey: Guid(11833b80be9ca014f9027e33799ba9ec) Importer(815301076,1909f56bfc062723c751e8b465ee728b)
Start importing Assets/_VisualEffectAssets/p03.vfx using Guid(11833b80be9ca014f9027e33799ba9ec) Importer(815301076,1909f56bfc062723c751e8b465ee728b)  -> (artifact id: '432a1b601285433323142d5757bf595c') in 0.502547 seconds 
========================================================================
Received Import Request.
  Time since last request: 33.013798 seconds.
  path: Assets/_VisualEffectAssets/p03.vfx
  artifactKey: Guid(11833b80be9ca014f9027e33799ba9ec) Importer(815301076,1909f56bfc062723c751e8b465ee728b)
Start importing Assets/_VisualEffectAssets/p03.vfx using Guid(11833b80be9ca014f9027e33799ba9ec) Importer(815301076,1909f56bfc062723c751e8b465ee728b)  -> (artifact id: '7c1626ce94320f797de454b62ad5df10') in 0.430386 seconds 
========================================================================
Received Import Request.
  Time since last request: 8.369136 seconds.
  path: Assets/_VisualEffectAssets/p03.vfx
  artifactKey: Guid(11833b80be9ca014f9027e33799ba9ec) Importer(815301076,1909f56bfc062723c751e8b465ee728b)
Start importing Assets/_VisualEffectAssets/p03.vfx using Guid(11833b80be9ca014f9027e33799ba9ec) Importer(815301076,1909f56bfc062723c751e8b465ee728b)  -> (artifact id: '1e8a6220a161d4144dfc549eed119a6f') in 0.419376 seconds 
========================================================================
Received Import Request.
  Time since last request: 10.932620 seconds.
  path: Assets/_VisualEffectAssets/p03.vfx
  artifactKey: Guid(11833b80be9ca014f9027e33799ba9ec) Importer(815301076,1909f56bfc062723c751e8b465ee728b)
Start importing Assets/_VisualEffectAssets/p03.vfx using Guid(11833b80be9ca014f9027e33799ba9ec) Importer(815301076,1909f56bfc062723c751e8b465ee728b)  -> (artifact id: 'df1bd753827ff3553369fbb5d5c8318f') in 0.381105 seconds 
========================================================================
Received Import Request.
  Time since last request: 29.009125 seconds.
  path: Assets/_VisualEffectAssets/p03.vfx
  artifactKey: Guid(11833b80be9ca014f9027e33799ba9ec) Importer(815301076,1909f56bfc062723c751e8b465ee728b)
Start importing Assets/_VisualEffectAssets/p03.vfx using Guid(11833b80be9ca014f9027e33799ba9ec) Importer(815301076,1909f56bfc062723c751e8b465ee728b)  -> (artifact id: 'ac4d0182970ab32bb98ebaf41c82f685') in 0.357498 seconds 
========================================================================
Received Import Request.
  Time since last request: 49.642918 seconds.
  path: Assets/_VisualEffectAssets/p03.vfx
  artifactKey: Guid(11833b80be9ca014f9027e33799ba9ec) Importer(815301076,1909f56bfc062723c751e8b465ee728b)
Start importing Assets/_VisualEffectAssets/p03.vfx using Guid(11833b80be9ca014f9027e33799ba9ec) Importer(815301076,1909f56bfc062723c751e8b465ee728b)  -> (artifact id: 'c9390239c2e309d73d53ef5934385b98') in 0.158690 seconds 
========================================================================
Received Import Request.
  Time since last request: 32.741903 seconds.
  path: Assets/_VisualEffectAssets/p03.vfx
  artifactKey: Guid(11833b80be9ca014f9027e33799ba9ec) Importer(815301076,1909f56bfc062723c751e8b465ee728b)
Start importing Assets/_VisualEffectAssets/p03.vfx using Guid(11833b80be9ca014f9027e33799ba9ec) Importer(815301076,1909f56bfc062723c751e8b465ee728b)  -> (artifact id: 'a24d89f08b49585ffcf24624c4005993') in 0.412658 seconds 
========================================================================
Received Import Request.
  Time since last request: 30.937892 seconds.
  path: Assets/_VisualEffectAssets/p03.vfx
  artifactKey: Guid(11833b80be9ca014f9027e33799ba9ec) Importer(815301076,1909f56bfc062723c751e8b465ee728b)
Start importing Assets/_VisualEffectAssets/p03.vfx using Guid(11833b80be9ca014f9027e33799ba9ec) Importer(815301076,1909f56bfc062723c751e8b465ee728b)  -> (artifact id: '9b81beba27a308020bb2cfdda6b30bb2') in 0.424839 seconds 
========================================================================
Received Import Request.
  Time since last request: 7.348052 seconds.
  path: Assets/_VisualEffectAssets/p03.vfx
  artifactKey: Guid(11833b80be9ca014f9027e33799ba9ec) Importer(815301076,1909f56bfc062723c751e8b465ee728b)
Start importing Assets/_VisualEffectAssets/p03.vfx using Guid(11833b80be9ca014f9027e33799ba9ec) Importer(815301076,1909f56bfc062723c751e8b465ee728b)  -> (artifact id: 'b00666a851bbaf6e0912d6629846ec35') in 0.155866 seconds 
========================================================================
Received Import Request.
  Time since last request: 22.489984 seconds.
  path: Assets/_VisualEffectAssets/p03.vfx
  artifactKey: Guid(11833b80be9ca014f9027e33799ba9ec) Importer(815301076,1909f56bfc062723c751e8b465ee728b)
Start importing Assets/_VisualEffectAssets/p03.vfx using Guid(11833b80be9ca014f9027e33799ba9ec) Importer(815301076,1909f56bfc062723c751e8b465ee728b)  -> (artifact id: '69c01dd61c2f4e1ce47997aba1f6d445') in 0.181348 seconds 
========================================================================
Received Import Request.
  Time since last request: 10.321279 seconds.
  path: Assets/_VisualEffectAssets/p03.vfx
  artifactKey: Guid(11833b80be9ca014f9027e33799ba9ec) Importer(815301076,1909f56bfc062723c751e8b465ee728b)
Start importing Assets/_VisualEffectAssets/p03.vfx using Guid(11833b80be9ca014f9027e33799ba9ec) Importer(815301076,1909f56bfc062723c751e8b465ee728b)  -> (artifact id: '8da4213581a3bf14bf05ef06bc28cfa7') in 0.020774 seconds 
========================================================================
Received Import Request.
  Time since last request: 9.788057 seconds.
  path: Assets/_VisualEffectAssets/p03.vfx
  artifactKey: Guid(11833b80be9ca014f9027e33799ba9ec) Importer(815301076,1909f56bfc062723c751e8b465ee728b)
Start importing Assets/_VisualEffectAssets/p03.vfx using Guid(11833b80be9ca014f9027e33799ba9ec) Importer(815301076,1909f56bfc062723c751e8b465ee728b)  -> (artifact id: '674407df0220d0b785df67fc0320a4e9') in 0.023097 seconds 
========================================================================
Received Import Request.
  Time since last request: 13.192563 seconds.
  path: Assets/_VisualEffectAssets/p03.vfx
  artifactKey: Guid(11833b80be9ca014f9027e33799ba9ec) Importer(815301076,1909f56bfc062723c751e8b465ee728b)
Start importing Assets/_VisualEffectAssets/p03.vfx using Guid(11833b80be9ca014f9027e33799ba9ec) Importer(815301076,1909f56bfc062723c751e8b465ee728b)  -> (artifact id: '51c510dd021e01f176c2f09297dbb552') in 0.022828 seconds 
========================================================================
Received Import Request.
  Time since last request: 16.911501 seconds.
  path: Assets/_VisualEffectAssets/p03.vfx
  artifactKey: Guid(11833b80be9ca014f9027e33799ba9ec) Importer(815301076,1909f56bfc062723c751e8b465ee728b)
Start importing Assets/_VisualEffectAssets/p03.vfx using Guid(11833b80be9ca014f9027e33799ba9ec) Importer(815301076,1909f56bfc062723c751e8b465ee728b)  -> (artifact id: 'aad76fe74bbfb0977f1f2f50bfbbb6ee') in 0.024993 seconds 
========================================================================
Received Import Request.
  Time since last request: 16.934759 seconds.
  path: Assets/_VisualEffectAssets/p03.vfx
  artifactKey: Guid(11833b80be9ca014f9027e33799ba9ec) Importer(815301076,1909f56bfc062723c751e8b465ee728b)
Start importing Assets/_VisualEffectAssets/p03.vfx using Guid(11833b80be9ca014f9027e33799ba9ec) Importer(815301076,1909f56bfc062723c751e8b465ee728b)  -> (artifact id: 'b84bb8a00ff66071f4cdabc2d72a9adf') in 0.156818 seconds 
========================================================================
Received Import Request.
  Time since last request: 184.860344 seconds.
  path: Assets/_VisualEffectAssets/p03.vfx
  artifactKey: Guid(11833b80be9ca014f9027e33799ba9ec) Importer(815301076,1909f56bfc062723c751e8b465ee728b)
Start importing Assets/_VisualEffectAssets/p03.vfx using Guid(11833b80be9ca014f9027e33799ba9ec) Importer(815301076,1909f56bfc062723c751e8b465ee728b)  -> (artifact id: 'f0c5c0ed445d85887bd1ba07f5b6ad2a') in 0.151293 seconds 
========================================================================
Received Import Request.
  Time since last request: 8.290128 seconds.
  path: Assets/_VisualEffectAssets/p02.vfx
  artifactKey: Guid(4b3b3b81b76b8e44b80b666ebc6a3bdf) Importer(815301076,1909f56bfc062723c751e8b465ee728b)
Start importing Assets/_VisualEffectAssets/p02.vfx using Guid(4b3b3b81b76b8e44b80b666ebc6a3bdf) Importer(815301076,1909f56bfc062723c751e8b465ee728b)  -> (artifact id: '66144d38d6425665451ad0d93829143e') in 0.043018 seconds 
========================================================================
Received Import Request.
  Time since last request: 183.328070 seconds.
  path: Assets/_VisualEffectAssets/p03.vfx
  artifactKey: Guid(11833b80be9ca014f9027e33799ba9ec) Importer(815301076,1909f56bfc062723c751e8b465ee728b)
Start importing Assets/_VisualEffectAssets/p03.vfx using Guid(11833b80be9ca014f9027e33799ba9ec) Importer(815301076,1909f56bfc062723c751e8b465ee728b)  -> (artifact id: '68e7a0352d6b613498337e6cf5b0d174') in 0.393102 seconds 
========================================================================
Received Import Request.
  Time since last request: 45.440899 seconds.
  path: Assets/_VisualEffectAssets/p03.vfx
  artifactKey: Guid(11833b80be9ca014f9027e33799ba9ec) Importer(815301076,1909f56bfc062723c751e8b465ee728b)
Start importing Assets/_VisualEffectAssets/p03.vfx using Guid(11833b80be9ca014f9027e33799ba9ec) Importer(815301076,1909f56bfc062723c751e8b465ee728b)  -> (artifact id: '7670479148d8f7572e3f3b9aa3a08b39') in 0.015457 seconds 
========================================================================
Received Import Request.
  Time since last request: 7.535302 seconds.
  path: Assets/_VisualEffectAssets/p03.vfx
  artifactKey: Guid(11833b80be9ca014f9027e33799ba9ec) Importer(815301076,1909f56bfc062723c751e8b465ee728b)
Start importing Assets/_VisualEffectAssets/p03.vfx using Guid(11833b80be9ca014f9027e33799ba9ec) Importer(815301076,1909f56bfc062723c751e8b465ee728b)  -> (artifact id: 'ae6e540b8b2b33937478103fe1555f59') in 0.363776 seconds 
========================================================================
Received Import Request.
  Time since last request: 28.003271 seconds.
  path: Assets/_VisualEffectAssets/p03.vfx
  artifactKey: Guid(11833b80be9ca014f9027e33799ba9ec) Importer(815301076,1909f56bfc062723c751e8b465ee728b)
Start importing Assets/_VisualEffectAssets/p03.vfx using Guid(11833b80be9ca014f9027e33799ba9ec) Importer(815301076,1909f56bfc062723c751e8b465ee728b)  -> (artifact id: 'bc8d7f4cc6338841f4e6851c51671ce4') in 0.399957 seconds 
========================================================================
Received Import Request.
  Time since last request: 18.338051 seconds.
  path: Assets/_VisualEffectAssets/p03.vfx
  artifactKey: Guid(11833b80be9ca014f9027e33799ba9ec) Importer(815301076,1909f56bfc062723c751e8b465ee728b)
Start importing Assets/_VisualEffectAssets/p03.vfx using Guid(11833b80be9ca014f9027e33799ba9ec) Importer(815301076,1909f56bfc062723c751e8b465ee728b)  -> (artifact id: '6f4bfb1f407a582da342657f840b8932') in 0.144505 seconds 
========================================================================
Received Import Request.
  Time since last request: 6.879626 seconds.
  path: Assets/_VisualEffectAssets/p03.vfx
  artifactKey: Guid(11833b80be9ca014f9027e33799ba9ec) Importer(815301076,1909f56bfc062723c751e8b465ee728b)
Start importing Assets/_VisualEffectAssets/p03.vfx using Guid(11833b80be9ca014f9027e33799ba9ec) Importer(815301076,1909f56bfc062723c751e8b465ee728b)  -> (artifact id: '8c8a2595ada757a296b4fc50f031206a') in 0.144323 seconds 
========================================================================
Received Import Request.
  Time since last request: 6.032272 seconds.
  path: Assets/_VisualEffectAssets/p03.vfx
  artifactKey: Guid(11833b80be9ca014f9027e33799ba9ec) Importer(815301076,1909f56bfc062723c751e8b465ee728b)
Start importing Assets/_VisualEffectAssets/p03.vfx using Guid(11833b80be9ca014f9027e33799ba9ec) Importer(815301076,1909f56bfc062723c751e8b465ee728b)  -> (artifact id: 'f27c559253865825b9fa9424204eb944') in 0.379538 seconds 
========================================================================
Received Import Request.
  Time since last request: 13.311363 seconds.
  path: Assets/_VisualEffectAssets/p03.vfx
  artifactKey: Guid(11833b80be9ca014f9027e33799ba9ec) Importer(815301076,1909f56bfc062723c751e8b465ee728b)
Start importing Assets/_VisualEffectAssets/p03.vfx using Guid(11833b80be9ca014f9027e33799ba9ec) Importer(815301076,1909f56bfc062723c751e8b465ee728b)  -> (artifact id: 'c2c5683eabe698c1496c892a6b8f5bef') in 0.150717 seconds 
========================================================================
Received Import Request.
  Time since last request: 38.931891 seconds.
  path: Assets/_VisualEffectAssets/p03.vfx
  artifactKey: Guid(11833b80be9ca014f9027e33799ba9ec) Importer(815301076,1909f56bfc062723c751e8b465ee728b)
Start importing Assets/_VisualEffectAssets/p03.vfx using Guid(11833b80be9ca014f9027e33799ba9ec) Importer(815301076,1909f56bfc062723c751e8b465ee728b)  -> (artifact id: '55a4f516aefe3a7c1f03ad2d9d565855') in 0.147238 seconds 
