Using pre-set license
Built from '2021.3/staging' branch; Version is '2021.3.3f1 (af2e63e8f9bd) revision 11480675'; Using compiler version '192829333'; Build Type 'Release'
OS: 'Windows 10  (10.0.19044) 64bit Core' Language: 'ja' Physical Memory: 16228 MB
BatchMode: 1, IsHumanControllingUs: 0, StartBugReporterOnCrash: 0, Is64bit: 1, IsPro: 1

COMMAND LINE ARGUMENTS:
C:\Program Files\2021.3.3f1\Editor\Unity.exe
-adb2
-batchMode
-noUpm
-name
AssetImportWorker11
-projectPath
C:/Users/keinm/OneDrive/ドキュメント/GitHub/VisualEffectGraph
-logFile
Logs/AssetImportWorker11.log
-srvPort
58974
Successfully changed project path to: C:/Users/keinm/OneDrive/ドキュメント/GitHub/VisualEffectGraph
C:/Users/keinm/OneDrive/ドキュメント/GitHub/VisualEffectGraph
[UnityMemory] Configuration Parameters - Can be set up in boot.config
    "memorysetup-bucket-allocator-granularity=16"
    "memorysetup-bucket-allocator-bucket-count=8"
    "memorysetup-bucket-allocator-block-size=33554432"
    "memorysetup-bucket-allocator-block-count=8"
    "memorysetup-main-allocator-block-size=16777216"
    "memorysetup-thread-allocator-block-size=16777216"
    "memorysetup-gfx-main-allocator-block-size=16777216"
    "memorysetup-gfx-thread-allocator-block-size=16777216"
    "memorysetup-cache-allocator-block-size=4194304"
    "memorysetup-typetree-allocator-block-size=2097152"
    "memorysetup-profiler-bucket-allocator-granularity=16"
    "memorysetup-profiler-bucket-allocator-bucket-count=8"
    "memorysetup-profiler-bucket-allocator-block-size=33554432"
    "memorysetup-profiler-bucket-allocator-block-count=8"
    "memorysetup-profiler-allocator-block-size=16777216"
    "memorysetup-profiler-editor-allocator-block-size=1048576"
    "memorysetup-temp-allocator-size-main=16777216"
    "memorysetup-job-temp-allocator-block-size=2097152"
    "memorysetup-job-temp-allocator-block-size-background=1048576"
    "memorysetup-job-temp-allocator-reduction-small-platforms=262144"
    "memorysetup-temp-allocator-size-background-worker=32768"
    "memorysetup-temp-allocator-size-job-worker=262144"
    "memorysetup-temp-allocator-size-preload-manager=33554432"
    "memorysetup-temp-allocator-size-nav-mesh-worker=65536"
    "memorysetup-temp-allocator-size-audio-worker=65536"
    "memorysetup-temp-allocator-size-cloud-worker=32768"
    "memorysetup-temp-allocator-size-gi-baking-worker=262144"
    "memorysetup-temp-allocator-size-gfx=262144"
Refreshing native plugins compatible for Editor in 1005.97 ms, found 3 plugins.
Preloading 0 native plugins for Editor in 0.00 ms.
Initialize engine version: 2021.3.3f1 (af2e63e8f9bd)
[Subsystems] Discovering subsystems at path C:/Program Files/2021.3.3f1/Editor/Data/Resources/UnitySubsystems
[Subsystems] Discovering subsystems at path C:/Users/keinm/OneDrive/ドキュメント/GitHub/VisualEffectGraph/Assets
GfxDevice: creating device client; threaded=0; jobified=0
Direct3D:
    Version:  Direct3D 11.0 [level 11.1]
    Renderer: Intel(R) UHD Graphics 630 (ID=0x3e9b)
    Vendor:   Intel
    VRAM:     8114 MB
    Driver:   30.0.101.1660
Initialize mono
Mono path[0] = 'C:/Program Files/2021.3.3f1/Editor/Data/Managed'
Mono path[1] = 'C:/Program Files/2021.3.3f1/Editor/Data/MonoBleedingEdge/lib/mono/unityjit-win32'
Mono config path = 'C:/Program Files/2021.3.3f1/Editor/Data/MonoBleedingEdge/etc'
Using monoOptions --debugger-agent=transport=dt_socket,embedding=1,server=y,suspend=n,address=127.0.0.1:56292
Begin MonoManager ReloadAssembly
Registering precompiled unity dll's ...
Register platform support module: C:/Program Files/2021.3.3f1/Editor/Data/PlaybackEngines/WebGLSupport/UnityEditor.WebGL.Extensions.dll
Register platform support module: C:/Program Files/2021.3.3f1/Editor/Data/PlaybackEngines/MacStandaloneSupport/UnityEditor.OSXStandalone.Extensions.dll
Register platform support module: C:/Program Files/2021.3.3f1/Editor/Data/PlaybackEngines/AndroidPlayer/UnityEditor.Android.Extensions.dll
Register platform support module: C:/Program Files/2021.3.3f1/Editor/Data/PlaybackEngines/iOSSupport/UnityEditor.iOS.Extensions.dll
Register platform support module: C:/Program Files/2021.3.3f1/Editor/Data/PlaybackEngines/WindowsStandaloneSupport/UnityEditor.WindowsStandalone.Extensions.dll
Registered in 0.120373 seconds.
Native extension for WindowsStandalone target not found
[usbmuxd] Start listen thread
[usbmuxd] Listen thread started
[usbmuxd] Send listen message
Native extension for iOS target not found
Native extension for Android target not found
Native extension for OSXStandalone target not found
Native extension for WebGL target not found
Refreshing native plugins compatible for Editor in 1211.18 ms, found 3 plugins.
Preloading 0 native plugins for Editor in 0.00 ms.
Mono: successfully reloaded assembly
- Completed reload, in  6.631 seconds
Domain Reload Profiling:
	ReloadAssembly (6635ms)
		BeginReloadAssembly (454ms)
			ExecutionOrderSort (0ms)
			DisableScriptedObjects (0ms)
			BackupInstance (0ms)
			ReleaseScriptingObjects (0ms)
			CreateAndSetChildDomain (3ms)
		EndReloadAssembly (4346ms)
			LoadAssemblies (447ms)
			RebuildTransferFunctionScriptingTraits (0ms)
			SetupTypeCache (995ms)
			ReleaseScriptCaches (0ms)
			RebuildScriptCaches (195ms)
			SetupLoadedEditorAssemblies (2815ms)
				LogAssemblyErrors (0ms)
				InitializePlatformSupportModulesInManaged (502ms)
				SetLoadedEditorAssemblies (1ms)
				RefreshPlugins (1212ms)
				BeforeProcessingInitializeOnLoad (5ms)
				ProcessInitializeOnLoadAttributes (683ms)
				ProcessInitializeOnLoadMethodAttributes (412ms)
				AfterProcessingInitializeOnLoad (0ms)
				EditorAssembliesLoaded (1ms)
			ExecutionOrderSort2 (0ms)
			AwakeInstancesAfterBackupRestoration (0ms)
Platform modules already initialized, skipping
Registering precompiled user dll's ...
Registered in 0.091158 seconds.
Begin MonoManager ReloadAssembly
Symbol file LoadedFromMemory doesn't match image C:\Users\keinm\OneDrive\ドキュメント\GitHub\VisualEffectGraph\Library\PackageCache\com.unity.visualscripting@1.7.6\Editor\VisualScripting.Core\Dependencies\YamlDotNet\Unity.VisualScripting.YamlDotNet.dll
Symbol file LoadedFromMemory doesn't match image C:\Users\keinm\OneDrive\ドキュメント\GitHub\VisualEffectGraph\Library\PackageCache\com.unity.visualscripting@1.7.6\Editor\VisualScripting.Core\Dependencies\DotNetZip\Unity.VisualScripting.IonicZip.dll
Native extension for WindowsStandalone target not found
Native extension for iOS target not found
Native extension for Android target not found
Native extension for OSXStandalone target not found
Native extension for WebGL target not found
Refreshing native plugins compatible for Editor in 263.24 ms, found 3 plugins.
Preloading 0 native plugins for Editor in 0.00 ms.
Mono: successfully reloaded assembly
- Completed reload, in  6.046 seconds
Domain Reload Profiling:
	ReloadAssembly (6058ms)
		BeginReloadAssembly (1359ms)
			ExecutionOrderSort (0ms)
			DisableScriptedObjects (90ms)
			BackupInstance (0ms)
			ReleaseScriptingObjects (1ms)
			CreateAndSetChildDomain (242ms)
		EndReloadAssembly (3924ms)
			LoadAssemblies (761ms)
			RebuildTransferFunctionScriptingTraits (0ms)
			SetupTypeCache (1759ms)
			ReleaseScriptCaches (1ms)
			RebuildScriptCaches (149ms)
			SetupLoadedEditorAssemblies (1517ms)
				LogAssemblyErrors (0ms)
				InitializePlatformSupportModulesInManaged (43ms)
				SetLoadedEditorAssemblies (0ms)
				RefreshPlugins (263ms)
				BeforeProcessingInitializeOnLoad (264ms)
				ProcessInitializeOnLoadAttributes (603ms)
				ProcessInitializeOnLoadMethodAttributes (324ms)
				AfterProcessingInitializeOnLoad (18ms)
				EditorAssembliesLoaded (1ms)
			ExecutionOrderSort2 (0ms)
			AwakeInstancesAfterBackupRestoration (18ms)
Platform modules already initialized, skipping
========================================================================
Worker process is ready to serve import requests
Launched and connected shader compiler UnityShaderCompiler.exe after 0.12 seconds
Refreshing native plugins compatible for Editor in 1.37 ms, found 3 plugins.
Preloading 0 native plugins for Editor in 0.00 ms.
Unloading 6226 Unused Serialized files (Serialized files now loaded: 0)
Unloading 53 unused Assets / (3.8 MB). Loaded Objects now: 6683.
Memory consumption went from 285.1 MB to 281.3 MB.
Total: 10.737400 ms (FindLiveObjects: 1.095000 ms CreateObjectMapping: 1.077600 ms MarkObjects: 6.977500 ms  DeleteObjects: 1.585600 ms)

AssetImportParameters requested are different than current active one (requested -> active):
  custom:video-decoder-ogg-theora: a1e56fd34408186e4bbccfd4996cb3dc -> 
  custom:container-muxer-webm: aa71ff27fc2769a1b78a27578f13a17b -> 
  custom:container-demuxer-webm: 4f35f7cbe854078d1ac9338744f61a02 -> 
  custom:video-encoder-webm-vp8: eb34c28f22e8b96e1ab97ce403110664 -> 
  custom:video-codec-MediaFoundation-h265: 746d11721c4dcdbdad8f713fa42b33f4 -> 
  custom:audio-encoder-webm-vorbis: bf7c407c2cedff20999df2af8eb42d56 -> 
  custom:framework-win-MediaFoundation: 216162199b28c13a410421893ffa2e32 -> 
  custom:container-demuxer-ogg: 62fdf1f143b41e24485cea50d1cbac27 -> 
  custom:video-decoder-webm-vp8: 9c59270c3fd7afecdb556c50c9e8de78 -> 
  custom:audio-decoder-ogg-vorbis: bf7c407c2cedff20999df2af8eb42d56 -> 
========================================================================
Received Import Request.
  Time since last request: 606778.413102 seconds.
  path: Assets/VFX/Effects/MainMenu/MainMenu-Galaxy 1.vfx
  artifactKey: Guid(628599e720f4b764aa38c12f990d7fb5) Importer(815301076,1909f56bfc062723c751e8b465ee728b)
Start importing Assets/VFX/Effects/MainMenu/MainMenu-Galaxy 1.vfx using Guid(628599e720f4b764aa38c12f990d7fb5) Importer(815301076,1909f56bfc062723c751e8b465ee728b)  -> (artifact id: '39bba3212a352fd3f88c2ee21364bd4a') in 8.717499 seconds 
========================================================================
Received Import Request.
  Time since last request: 143.293739 seconds.
  path: Assets/VFX/Effects/MainMenu/MainMenu.vfx
  artifactKey: Guid(16515b4e77f39d34eb7ca75fa4014d10) Importer(815301076,1909f56bfc062723c751e8b465ee728b)
Start importing Assets/VFX/Effects/MainMenu/MainMenu.vfx using Guid(16515b4e77f39d34eb7ca75fa4014d10) Importer(815301076,1909f56bfc062723c751e8b465ee728b)  -> (artifact id: 'd3c1a303ce598627d56372dead62fd9b') in 5.977444 seconds 
========================================================================
Received Import Request.
  Time since last request: 46.542259 seconds.
  path: Assets/_VisualEffectAssets/p03.vfx
  artifactKey: Guid(11833b80be9ca014f9027e33799ba9ec) Importer(815301076,1909f56bfc062723c751e8b465ee728b)
Start importing Assets/_VisualEffectAssets/p03.vfx using Guid(11833b80be9ca014f9027e33799ba9ec) Importer(815301076,1909f56bfc062723c751e8b465ee728b)  -> (artifact id: 'eb661d6bbf1c6f9d528ba7fc3be64dc8') in 0.378387 seconds 
========================================================================
Received Import Request.
  Time since last request: 4.884487 seconds.
  path: Assets/_VisualEffectAssets
  artifactKey: Guid(f611c2a039c63c8488484e9bca8ba65c) Importer(815301076,1909f56bfc062723c751e8b465ee728b)
Start importing Assets/_VisualEffectAssets using Guid(f611c2a039c63c8488484e9bca8ba65c) Importer(815301076,1909f56bfc062723c751e8b465ee728b)  -> (artifact id: '1cffcc0236831b67ef6b055cdb3cb249') in 0.002625 seconds 
========================================================================
Received Import Request.
  Time since last request: 13.687126 seconds.
  path: Assets/_VisualEffectAssets/com
  artifactKey: Guid(74e72d207ad903c4ea2897bebaedce9a) Importer(815301076,1909f56bfc062723c751e8b465ee728b)
Start importing Assets/_VisualEffectAssets/com using Guid(74e72d207ad903c4ea2897bebaedce9a) Importer(815301076,1909f56bfc062723c751e8b465ee728b)  -> (artifact id: 'fb12450712c019425083bce9c42a1898') in 0.002483 seconds 
========================================================================
Received Import Request.
  Time since last request: 2.793470 seconds.
  path: Assets/VFX/Effects/MainMenu/ParticleTower_nst.vfx
  artifactKey: Guid(587a407f79344b846acdad748070794a) Importer(815301076,1909f56bfc062723c751e8b465ee728b)
Start importing Assets/VFX/Effects/MainMenu/ParticleTower_nst.vfx using Guid(587a407f79344b846acdad748070794a) Importer(815301076,1909f56bfc062723c751e8b465ee728b)  -> (artifact id: '945dbf11942f60a37f1aaed414cb65e5') in 0.137337 seconds 
========================================================================
Received Import Request.
  Time since last request: 12.933238 seconds.
  path: Assets/VFX/Effects/MainMenu/Torus_nst.vfx
  artifactKey: Guid(587a407f79344b846acdad748070794a) Importer(815301076,1909f56bfc062723c751e8b465ee728b)
Start importing Assets/VFX/Effects/MainMenu/Torus_nst.vfx using Guid(587a407f79344b846acdad748070794a) Importer(815301076,1909f56bfc062723c751e8b465ee728b)  -> (artifact id: 'a7e3dbe678ee505cd29b3c859bf5351b') in 0.023912 seconds 
========================================================================
Received Import Request.
  Time since last request: 45.026831 seconds.
  path: Assets/_VisualEffectAssets/p03.vfx
  artifactKey: Guid(11833b80be9ca014f9027e33799ba9ec) Importer(815301076,1909f56bfc062723c751e8b465ee728b)
Start importing Assets/_VisualEffectAssets/p03.vfx using Guid(11833b80be9ca014f9027e33799ba9ec) Importer(815301076,1909f56bfc062723c751e8b465ee728b)  -> (artifact id: '7fd534b1ad91e72eb2211f030e47913d') in 1.006573 seconds 
========================================================================
Received Import Request.
  Time since last request: 11.881926 seconds.
  path: Assets/_VisualEffectAssets/p03.vfx
  artifactKey: Guid(11833b80be9ca014f9027e33799ba9ec) Importer(815301076,1909f56bfc062723c751e8b465ee728b)
Start importing Assets/_VisualEffectAssets/p03.vfx using Guid(11833b80be9ca014f9027e33799ba9ec) Importer(815301076,1909f56bfc062723c751e8b465ee728b)  -> (artifact id: '7ff8efa9c35c97dad75e9a8640f54b27') in 0.060977 seconds 
========================================================================
Received Import Request.
  Time since last request: 100.730258 seconds.
  path: Assets/_VisualEffectAssets/com/Torus_nst.vfx
  artifactKey: Guid(587a407f79344b846acdad748070794a) Importer(815301076,1909f56bfc062723c751e8b465ee728b)
Start importing Assets/_VisualEffectAssets/com/Torus_nst.vfx using Guid(587a407f79344b846acdad748070794a) Importer(815301076,1909f56bfc062723c751e8b465ee728b)  -> (artifact id: 'f0db4b72cb48c381d87f5fa26ff1f968') in 0.070901 seconds 
========================================================================
Received Import Request.
  Time since last request: 2.586111 seconds.
  path: Assets/_VisualEffectAssets/com/Torus_nst.vfx
  artifactKey: Guid(587a407f79344b846acdad748070794a) Importer(815301076,1909f56bfc062723c751e8b465ee728b)
Start importing Assets/_VisualEffectAssets/com/Torus_nst.vfx using Guid(587a407f79344b846acdad748070794a) Importer(815301076,1909f56bfc062723c751e8b465ee728b)  -> (artifact id: '195ab4a426fcba911ba393a74440ebbe') in 0.017871 seconds 
========================================================================
Received Import Request.
  Time since last request: 21.631319 seconds.
  path: Assets/_VisualEffectAssets/com/Torus_nst.vfx
  artifactKey: Guid(587a407f79344b846acdad748070794a) Importer(815301076,1909f56bfc062723c751e8b465ee728b)
Start importing Assets/_VisualEffectAssets/com/Torus_nst.vfx using Guid(587a407f79344b846acdad748070794a) Importer(815301076,1909f56bfc062723c751e8b465ee728b)  -> (artifact id: '1889392d34b18f638ecefb9508cb8b3a') in 0.018193 seconds 
========================================================================
Received Import Request.
  Time since last request: 9.056862 seconds.
  path: Assets/_VisualEffectAssets/com/Torus_nst.vfx
  artifactKey: Guid(587a407f79344b846acdad748070794a) Importer(815301076,1909f56bfc062723c751e8b465ee728b)
Start importing Assets/_VisualEffectAssets/com/Torus_nst.vfx using Guid(587a407f79344b846acdad748070794a) Importer(815301076,1909f56bfc062723c751e8b465ee728b)  -> (artifact id: '0f27c278294f4a50effb88b4bd095181') in 0.025184 seconds 
========================================================================
Received Import Request.
  Time since last request: 50.623051 seconds.
  path: Assets/_VisualEffectAssets/p03.vfx
  artifactKey: Guid(11833b80be9ca014f9027e33799ba9ec) Importer(815301076,1909f56bfc062723c751e8b465ee728b)
Start importing Assets/_VisualEffectAssets/p03.vfx using Guid(11833b80be9ca014f9027e33799ba9ec) Importer(815301076,1909f56bfc062723c751e8b465ee728b)  -> (artifact id: '79bf7dbca7ddebb33b1496fff00c15ee') in 0.591943 seconds 
========================================================================
Received Import Request.
  Time since last request: 179.736842 seconds.
  path: Assets/_VisualEffectAssets/p03.vfx
  artifactKey: Guid(11833b80be9ca014f9027e33799ba9ec) Importer(815301076,1909f56bfc062723c751e8b465ee728b)
Start importing Assets/_VisualEffectAssets/p03.vfx using Guid(11833b80be9ca014f9027e33799ba9ec) Importer(815301076,1909f56bfc062723c751e8b465ee728b)  -> (artifact id: 'ae6179e14375f759e0f7f958094c4850') in 0.384264 seconds 
========================================================================
Received Import Request.
  Time since last request: 94.046025 seconds.
  path: Assets/_VisualEffectAssets/com/Torus_nst.vfx
  artifactKey: Guid(587a407f79344b846acdad748070794a) Importer(815301076,1909f56bfc062723c751e8b465ee728b)
Start importing Assets/_VisualEffectAssets/com/Torus_nst.vfx using Guid(587a407f79344b846acdad748070794a) Importer(815301076,1909f56bfc062723c751e8b465ee728b)  -> (artifact id: 'ab6c31c825cf150306c90f5e078a4234') in 0.027248 seconds 
========================================================================
Received Import Request.
  Time since last request: 64.072045 seconds.
  path: Assets/_VisualEffectAssets/com/Torus_nst.vfx
  artifactKey: Guid(587a407f79344b846acdad748070794a) Importer(815301076,1909f56bfc062723c751e8b465ee728b)
Start importing Assets/_VisualEffectAssets/com/Torus_nst.vfx using Guid(587a407f79344b846acdad748070794a) Importer(815301076,1909f56bfc062723c751e8b465ee728b)  -> (artifact id: 'a55d9d46563a98aa25c3d75499f02bc3') in 0.024009 seconds 
========================================================================
Received Import Request.
  Time since last request: 17.850680 seconds.
  path: Assets/_VisualEffectAssets/com/Torus_nst.vfx
  artifactKey: Guid(587a407f79344b846acdad748070794a) Importer(815301076,1909f56bfc062723c751e8b465ee728b)
Start importing Assets/_VisualEffectAssets/com/Torus_nst.vfx using Guid(587a407f79344b846acdad748070794a) Importer(815301076,1909f56bfc062723c751e8b465ee728b)  -> (artifact id: '50b43277cf4e2634b4848f0d2646d76e') in 0.023752 seconds 
========================================================================
Received Import Request.
  Time since last request: 6.395651 seconds.
  path: Assets/_VisualEffectAssets/com/Torus_nst.vfx
  artifactKey: Guid(587a407f79344b846acdad748070794a) Importer(815301076,1909f56bfc062723c751e8b465ee728b)
Start importing Assets/_VisualEffectAssets/com/Torus_nst.vfx using Guid(587a407f79344b846acdad748070794a) Importer(815301076,1909f56bfc062723c751e8b465ee728b)  -> (artifact id: '012c64636747d25d9bf9fa14b0972aed') in 0.025557 seconds 
========================================================================
Received Import Request.
  Time since last request: 23.308368 seconds.
  path: Assets/_VisualEffectAssets/com/Torus_nst.vfx
  artifactKey: Guid(587a407f79344b846acdad748070794a) Importer(815301076,1909f56bfc062723c751e8b465ee728b)
Start importing Assets/_VisualEffectAssets/com/Torus_nst.vfx using Guid(587a407f79344b846acdad748070794a) Importer(815301076,1909f56bfc062723c751e8b465ee728b)  -> (artifact id: '82ea93c17dedf0e3ac4622208b337c65') in 0.024508 seconds 
========================================================================
Received Import Request.
  Time since last request: 16.931413 seconds.
  path: Assets/_VisualEffectAssets/com/Torus_nst.vfx
  artifactKey: Guid(587a407f79344b846acdad748070794a) Importer(815301076,1909f56bfc062723c751e8b465ee728b)
Start importing Assets/_VisualEffectAssets/com/Torus_nst.vfx using Guid(587a407f79344b846acdad748070794a) Importer(815301076,1909f56bfc062723c751e8b465ee728b)  -> (artifact id: '7b5d5a7de6e6f388ed2c2e2daf0da27e') in 0.073871 seconds 
========================================================================
Received Import Request.
  Time since last request: 47.850633 seconds.
  path: Assets/_VisualEffectAssets/com/Torus_nst.vfx
  artifactKey: Guid(587a407f79344b846acdad748070794a) Importer(815301076,1909f56bfc062723c751e8b465ee728b)
Start importing Assets/_VisualEffectAssets/com/Torus_nst.vfx using Guid(587a407f79344b846acdad748070794a) Importer(815301076,1909f56bfc062723c751e8b465ee728b)  -> (artifact id: '4de56420f08ada68f05ab95fc9653fc2') in 0.020230 seconds 
========================================================================
Received Import Request.
  Time since last request: 131.796608 seconds.
  path: Assets/_VisualEffectAssets/com/Torus_nst.vfx
  artifactKey: Guid(587a407f79344b846acdad748070794a) Importer(815301076,1909f56bfc062723c751e8b465ee728b)
Start importing Assets/_VisualEffectAssets/com/Torus_nst.vfx using Guid(587a407f79344b846acdad748070794a) Importer(815301076,1909f56bfc062723c751e8b465ee728b)  -> (artifact id: '4f1ba75d684cb4d30deaf60cf4511f0f') in 0.026133 seconds 
========================================================================
Received Import Request.
  Time since last request: 26.116288 seconds.
  path: Assets/_VisualEffectAssets/com/Torus_nst.vfx
  artifactKey: Guid(587a407f79344b846acdad748070794a) Importer(815301076,1909f56bfc062723c751e8b465ee728b)
Start importing Assets/_VisualEffectAssets/com/Torus_nst.vfx using Guid(587a407f79344b846acdad748070794a) Importer(815301076,1909f56bfc062723c751e8b465ee728b)  -> (artifact id: 'be00fab20ce21669cb7a8e01e14ed054') in 0.025493 seconds 
========================================================================
Received Import Request.
  Time since last request: 4.216719 seconds.
  path: Assets/_VisualEffectAssets/com/Torus_nst.vfx
  artifactKey: Guid(587a407f79344b846acdad748070794a) Importer(815301076,1909f56bfc062723c751e8b465ee728b)
Start importing Assets/_VisualEffectAssets/com/Torus_nst.vfx using Guid(587a407f79344b846acdad748070794a) Importer(815301076,1909f56bfc062723c751e8b465ee728b)  -> (artifact id: 'bd1ebdf4b8b07ba651d916d10a89273b') in 0.023620 seconds 
========================================================================
Received Import Request.
  Time since last request: 4.170788 seconds.
  path: Assets/_VisualEffectAssets/com/Torus_nst.vfx
  artifactKey: Guid(587a407f79344b846acdad748070794a) Importer(815301076,1909f56bfc062723c751e8b465ee728b)
Start importing Assets/_VisualEffectAssets/com/Torus_nst.vfx using Guid(587a407f79344b846acdad748070794a) Importer(815301076,1909f56bfc062723c751e8b465ee728b)  -> (artifact id: '66ec95153f08c1aa63fddc94097210df') in 0.025111 seconds 
========================================================================
Received Import Request.
  Time since last request: 1.620590 seconds.
  path: Assets/_VisualEffectAssets/com/Torus_nst.vfx
  artifactKey: Guid(587a407f79344b846acdad748070794a) Importer(815301076,1909f56bfc062723c751e8b465ee728b)
Start importing Assets/_VisualEffectAssets/com/Torus_nst.vfx using Guid(587a407f79344b846acdad748070794a) Importer(815301076,1909f56bfc062723c751e8b465ee728b)  -> (artifact id: '679407aadec85be92c12cd1a52722090') in 0.022601 seconds 
========================================================================
Received Import Request.
  Time since last request: 9.292476 seconds.
  path: Assets/_VisualEffectAssets/com/Torus_nst.vfx
  artifactKey: Guid(587a407f79344b846acdad748070794a) Importer(815301076,1909f56bfc062723c751e8b465ee728b)
Start importing Assets/_VisualEffectAssets/com/Torus_nst.vfx using Guid(587a407f79344b846acdad748070794a) Importer(815301076,1909f56bfc062723c751e8b465ee728b)  -> (artifact id: 'b4baee47b0b61a0e0c6aaebb4b3437ac') in 0.019282 seconds 
========================================================================
Received Import Request.
  Time since last request: 13.257008 seconds.
  path: Assets/_VisualEffectAssets/com/Torus_nst.vfx
  artifactKey: Guid(587a407f79344b846acdad748070794a) Importer(815301076,1909f56bfc062723c751e8b465ee728b)
Start importing Assets/_VisualEffectAssets/com/Torus_nst.vfx using Guid(587a407f79344b846acdad748070794a) Importer(815301076,1909f56bfc062723c751e8b465ee728b)  -> (artifact id: '2241b63ff17b11d0771ce3267083f4c0') in 0.023796 seconds 
========================================================================
Received Import Request.
  Time since last request: 21.322167 seconds.
  path: Assets/_VisualEffectAssets/com/Torus_nst.vfx
  artifactKey: Guid(587a407f79344b846acdad748070794a) Importer(815301076,1909f56bfc062723c751e8b465ee728b)
Start importing Assets/_VisualEffectAssets/com/Torus_nst.vfx using Guid(587a407f79344b846acdad748070794a) Importer(815301076,1909f56bfc062723c751e8b465ee728b)  -> (artifact id: '8bb46d06b8f77bf44390fe06cd82302f') in 0.020731 seconds 
========================================================================
Received Import Request.
  Time since last request: 25.288591 seconds.
  path: Assets/_VisualEffectAssets/com/Torus_nst.vfx
  artifactKey: Guid(587a407f79344b846acdad748070794a) Importer(815301076,1909f56bfc062723c751e8b465ee728b)
Start importing Assets/_VisualEffectAssets/com/Torus_nst.vfx using Guid(587a407f79344b846acdad748070794a) Importer(815301076,1909f56bfc062723c751e8b465ee728b)  -> (artifact id: '762457f887c026f2213ea82e0977d4af') in 0.022559 seconds 
========================================================================
Received Import Request.
  Time since last request: 12.283305 seconds.
  path: Assets/_VisualEffectAssets/com/Torus_nst.vfx
  artifactKey: Guid(587a407f79344b846acdad748070794a) Importer(815301076,1909f56bfc062723c751e8b465ee728b)
Start importing Assets/_VisualEffectAssets/com/Torus_nst.vfx using Guid(587a407f79344b846acdad748070794a) Importer(815301076,1909f56bfc062723c751e8b465ee728b)  -> (artifact id: '32c0b0cda47a966b7b2843e745a6d7ea') in 0.019308 seconds 
========================================================================
Received Import Request.
  Time since last request: 84.476489 seconds.
  path: Assets/_VisualEffectAssets/com/Torus_nst.vfx
  artifactKey: Guid(587a407f79344b846acdad748070794a) Importer(815301076,1909f56bfc062723c751e8b465ee728b)
Start importing Assets/_VisualEffectAssets/com/Torus_nst.vfx using Guid(587a407f79344b846acdad748070794a) Importer(815301076,1909f56bfc062723c751e8b465ee728b)  -> (artifact id: '9fef64d7b64e52d9cdcf6eade2134bbc') in 0.056534 seconds 
========================================================================
Received Import Request.
  Time since last request: 37.733957 seconds.
  path: Assets/_VisualEffectAssets/com/Torus_nst.vfx
  artifactKey: Guid(587a407f79344b846acdad748070794a) Importer(815301076,1909f56bfc062723c751e8b465ee728b)
Start importing Assets/_VisualEffectAssets/com/Torus_nst.vfx using Guid(587a407f79344b846acdad748070794a) Importer(815301076,1909f56bfc062723c751e8b465ee728b)  -> (artifact id: '7529975bf329868419c58b663c8715be') in 0.019279 seconds 
========================================================================
Received Import Request.
  Time since last request: 145.835695 seconds.
  path: Assets/_VisualEffectAssets/com/Torus_nst.vfx
  artifactKey: Guid(587a407f79344b846acdad748070794a) Importer(815301076,1909f56bfc062723c751e8b465ee728b)
Start importing Assets/_VisualEffectAssets/com/Torus_nst.vfx using Guid(587a407f79344b846acdad748070794a) Importer(815301076,1909f56bfc062723c751e8b465ee728b)  -> (artifact id: '925c4f544a887a518c17b604ccdc3331') in 0.060507 seconds 
========================================================================
Received Import Request.
  Time since last request: 6.862100 seconds.
  path: Assets/_VisualEffectAssets/com/Torus_nst.vfx
  artifactKey: Guid(587a407f79344b846acdad748070794a) Importer(815301076,1909f56bfc062723c751e8b465ee728b)
Start importing Assets/_VisualEffectAssets/com/Torus_nst.vfx using Guid(587a407f79344b846acdad748070794a) Importer(815301076,1909f56bfc062723c751e8b465ee728b)  -> (artifact id: 'f4ac62795d71b098a3b9e56ce32c1fd0') in 0.021828 seconds 
========================================================================
Received Import Request.
  Time since last request: 13.920625 seconds.
  path: Assets/_VisualEffectAssets/com/Torus_nst.vfx
  artifactKey: Guid(587a407f79344b846acdad748070794a) Importer(815301076,1909f56bfc062723c751e8b465ee728b)
Start importing Assets/_VisualEffectAssets/com/Torus_nst.vfx using Guid(587a407f79344b846acdad748070794a) Importer(815301076,1909f56bfc062723c751e8b465ee728b)  -> (artifact id: '60445f6846a659336b3f0c0e70d68694') in 0.020696 seconds 
========================================================================
Received Import Request.
  Time since last request: 36.071815 seconds.
  path: Assets/_VisualEffectAssets/com/Torus_nst.vfx
  artifactKey: Guid(587a407f79344b846acdad748070794a) Importer(815301076,1909f56bfc062723c751e8b465ee728b)
Start importing Assets/_VisualEffectAssets/com/Torus_nst.vfx using Guid(587a407f79344b846acdad748070794a) Importer(815301076,1909f56bfc062723c751e8b465ee728b)  -> (artifact id: '9651804376fb27fb6c31bf5c05b3993b') in 0.020256 seconds 
========================================================================
Received Import Request.
  Time since last request: 95.226259 seconds.
  path: Assets/_VisualEffectAssets/com/Torus_nst.vfx
  artifactKey: Guid(587a407f79344b846acdad748070794a) Importer(815301076,1909f56bfc062723c751e8b465ee728b)
Start importing Assets/_VisualEffectAssets/com/Torus_nst.vfx using Guid(587a407f79344b846acdad748070794a) Importer(815301076,1909f56bfc062723c751e8b465ee728b)  -> (artifact id: 'babd3998097692dc743b83557ecef79c') in 0.024144 seconds 
========================================================================
Received Import Request.
  Time since last request: 104.002266 seconds.
  path: Assets/_VisualEffectAssets/com/Torus_nst.vfx
  artifactKey: Guid(587a407f79344b846acdad748070794a) Importer(815301076,1909f56bfc062723c751e8b465ee728b)
Start importing Assets/_VisualEffectAssets/com/Torus_nst.vfx using Guid(587a407f79344b846acdad748070794a) Importer(815301076,1909f56bfc062723c751e8b465ee728b)  -> (artifact id: 'bff4b8b9ed1d3986784e4eafaefe66a8') in 0.026800 seconds 
========================================================================
Received Import Request.
  Time since last request: 6.756130 seconds.
  path: Assets/_VisualEffectAssets/com/Torus_nst.vfx
  artifactKey: Guid(587a407f79344b846acdad748070794a) Importer(815301076,1909f56bfc062723c751e8b465ee728b)
Start importing Assets/_VisualEffectAssets/com/Torus_nst.vfx using Guid(587a407f79344b846acdad748070794a) Importer(815301076,1909f56bfc062723c751e8b465ee728b)  -> (artifact id: '7c71dba4bb9f08be8efad0ecc06918eb') in 0.018328 seconds 
========================================================================
Received Import Request.
  Time since last request: 73.473821 seconds.
  path: Assets/_VisualEffectAssets/com/Torus_nst.vfx
  artifactKey: Guid(587a407f79344b846acdad748070794a) Importer(815301076,1909f56bfc062723c751e8b465ee728b)
Start importing Assets/_VisualEffectAssets/com/Torus_nst.vfx using Guid(587a407f79344b846acdad748070794a) Importer(815301076,1909f56bfc062723c751e8b465ee728b)  -> (artifact id: '780b8828eb14c95a887d3954147393a7') in 0.048721 seconds 
========================================================================
Received Import Request.
  Time since last request: 36.512505 seconds.
  path: Assets/_VisualEffectAssets/com/Torus_nst.vfx
  artifactKey: Guid(587a407f79344b846acdad748070794a) Importer(815301076,1909f56bfc062723c751e8b465ee728b)
Start importing Assets/_VisualEffectAssets/com/Torus_nst.vfx using Guid(587a407f79344b846acdad748070794a) Importer(815301076,1909f56bfc062723c751e8b465ee728b)  -> (artifact id: '4ee37544900cfbdb20c7409390cf92fb') in 0.097182 seconds 
========================================================================
Received Import Request.
  Time since last request: 70.167074 seconds.
  path: Assets/_VisualEffectAssets/com/Torus_nst.vfx
  artifactKey: Guid(587a407f79344b846acdad748070794a) Importer(815301076,1909f56bfc062723c751e8b465ee728b)
Start importing Assets/_VisualEffectAssets/com/Torus_nst.vfx using Guid(587a407f79344b846acdad748070794a) Importer(815301076,1909f56bfc062723c751e8b465ee728b)  -> (artifact id: 'ae92130ccda43e203dd08a97e0f244c0') in 0.021704 seconds 
========================================================================
Received Import Request.
  Time since last request: 32.127363 seconds.
  path: Assets/_VisualEffectAssets/com/Torus_nst.vfx
  artifactKey: Guid(587a407f79344b846acdad748070794a) Importer(815301076,1909f56bfc062723c751e8b465ee728b)
Start importing Assets/_VisualEffectAssets/com/Torus_nst.vfx using Guid(587a407f79344b846acdad748070794a) Importer(815301076,1909f56bfc062723c751e8b465ee728b)  -> (artifact id: 'e9fa22f7c1a5f8b7fddcff8a710adda5') in 0.020587 seconds 
========================================================================
Received Import Request.
  Time since last request: 5.711273 seconds.
  path: Assets/_VisualEffectAssets/com/Torus_nst.vfx
  artifactKey: Guid(587a407f79344b846acdad748070794a) Importer(815301076,1909f56bfc062723c751e8b465ee728b)
Start importing Assets/_VisualEffectAssets/com/Torus_nst.vfx using Guid(587a407f79344b846acdad748070794a) Importer(815301076,1909f56bfc062723c751e8b465ee728b)  -> (artifact id: 'ae8dbd7522053c5e753e7b4aa952bdd3') in 0.021735 seconds 
========================================================================
Received Import Request.
  Time since last request: 602.927776 seconds.
  path: Assets/_VisualEffectAssets/com/Torus_nst.vfx
  artifactKey: Guid(587a407f79344b846acdad748070794a) Importer(815301076,1909f56bfc062723c751e8b465ee728b)
Start importing Assets/_VisualEffectAssets/com/Torus_nst.vfx using Guid(587a407f79344b846acdad748070794a) Importer(815301076,1909f56bfc062723c751e8b465ee728b)  -> (artifact id: '40f4512828165c7ef0b730f1ea5b5928') in 0.055065 seconds 
========================================================================
Received Import Request.
  Time since last request: 4.770944 seconds.
  path: Assets/_VisualEffectAssets/com/Torus_nst.vfx
  artifactKey: Guid(587a407f79344b846acdad748070794a) Importer(815301076,1909f56bfc062723c751e8b465ee728b)
Start importing Assets/_VisualEffectAssets/com/Torus_nst.vfx using Guid(587a407f79344b846acdad748070794a) Importer(815301076,1909f56bfc062723c751e8b465ee728b)  -> (artifact id: '25a55119e759dafed5cd0db5a2bdcbf3') in 0.020960 seconds 
========================================================================
Received Import Request.
  Time since last request: 190.233669 seconds.
  path: Assets/_VisualEffectAssets/com/Torus_nst.vfx
  artifactKey: Guid(587a407f79344b846acdad748070794a) Importer(815301076,1909f56bfc062723c751e8b465ee728b)
Start importing Assets/_VisualEffectAssets/com/Torus_nst.vfx using Guid(587a407f79344b846acdad748070794a) Importer(815301076,1909f56bfc062723c751e8b465ee728b)  -> (artifact id: '0908399107c4727dc27d1d808a8aeb78') in 0.025294 seconds 
========================================================================
Received Import Request.
  Time since last request: 18.893450 seconds.
  path: Assets/_VisualEffectAssets/com/Torus_nst.vfx
  artifactKey: Guid(587a407f79344b846acdad748070794a) Importer(815301076,1909f56bfc062723c751e8b465ee728b)
Start importing Assets/_VisualEffectAssets/com/Torus_nst.vfx using Guid(587a407f79344b846acdad748070794a) Importer(815301076,1909f56bfc062723c751e8b465ee728b)  -> (artifact id: '812c0fb113e66bb5a995125cd5a798fe') in 0.021506 seconds 
========================================================================
Received Import Request.
  Time since last request: 1410.417718 seconds.
  path: Assets/_VisualEffectAssets/p03.vfx
  artifactKey: Guid(11833b80be9ca014f9027e33799ba9ec) Importer(815301076,1909f56bfc062723c751e8b465ee728b)
Start importing Assets/_VisualEffectAssets/p03.vfx using Guid(11833b80be9ca014f9027e33799ba9ec) Importer(815301076,1909f56bfc062723c751e8b465ee728b)  -> (artifact id: '103743c24bb41bd4e4e01e9d26a779a1') in 0.620800 seconds 
========================================================================
Received Import Request.
  Time since last request: 63.334482 seconds.
  path: Assets/_VisualEffectAssets/p03.vfx
  artifactKey: Guid(11833b80be9ca014f9027e33799ba9ec) Importer(815301076,1909f56bfc062723c751e8b465ee728b)
Start importing Assets/_VisualEffectAssets/p03.vfx using Guid(11833b80be9ca014f9027e33799ba9ec) Importer(815301076,1909f56bfc062723c751e8b465ee728b)  -> (artifact id: 'a76581f9da8b4814edacdb01eb32eccf') in 0.415549 seconds 
========================================================================
Received Import Request.
  Time since last request: 10.261412 seconds.
  path: Assets/_VisualEffectAssets/p03.vfx
  artifactKey: Guid(11833b80be9ca014f9027e33799ba9ec) Importer(815301076,1909f56bfc062723c751e8b465ee728b)
Start importing Assets/_VisualEffectAssets/p03.vfx using Guid(11833b80be9ca014f9027e33799ba9ec) Importer(815301076,1909f56bfc062723c751e8b465ee728b)  -> (artifact id: '5e870e5a7c751a65a8bb99ef28347c61') in 0.386214 seconds 
========================================================================
Received Import Request.
  Time since last request: 60.862232 seconds.
  path: Assets/_VisualEffectAssets/p03.vfx
  artifactKey: Guid(11833b80be9ca014f9027e33799ba9ec) Importer(815301076,1909f56bfc062723c751e8b465ee728b)
Start importing Assets/_VisualEffectAssets/p03.vfx using Guid(11833b80be9ca014f9027e33799ba9ec) Importer(815301076,1909f56bfc062723c751e8b465ee728b)  -> (artifact id: '794f1ece0ef5131b8af8a0349149eb8b') in 1.104533 seconds 
========================================================================
Received Import Request.
  Time since last request: 14.363051 seconds.
  path: Assets/_VisualEffectAssets/p03.vfx
  artifactKey: Guid(11833b80be9ca014f9027e33799ba9ec) Importer(815301076,1909f56bfc062723c751e8b465ee728b)
Start importing Assets/_VisualEffectAssets/p03.vfx using Guid(11833b80be9ca014f9027e33799ba9ec) Importer(815301076,1909f56bfc062723c751e8b465ee728b)  -> (artifact id: 'b29ff7f9b11a2d61b9e0dedb90308708') in 0.421576 seconds 
========================================================================
Received Import Request.
  Time since last request: 57.037490 seconds.
  path: Assets/_VisualEffectAssets/p03.vfx
  artifactKey: Guid(11833b80be9ca014f9027e33799ba9ec) Importer(815301076,1909f56bfc062723c751e8b465ee728b)
Start importing Assets/_VisualEffectAssets/p03.vfx using Guid(11833b80be9ca014f9027e33799ba9ec) Importer(815301076,1909f56bfc062723c751e8b465ee728b)  -> (artifact id: 'dce7ecbfbf6beff170fca04a24052480') in 0.426752 seconds 
========================================================================
Received Import Request.
  Time since last request: 8.845836 seconds.
  path: Assets/_VisualEffectAssets/p03.vfx
  artifactKey: Guid(11833b80be9ca014f9027e33799ba9ec) Importer(815301076,1909f56bfc062723c751e8b465ee728b)
Start importing Assets/_VisualEffectAssets/p03.vfx using Guid(11833b80be9ca014f9027e33799ba9ec) Importer(815301076,1909f56bfc062723c751e8b465ee728b)  -> (artifact id: '35b5f68ed8ec25902ccc66024712a673') in 0.539931 seconds 
========================================================================
Received Import Request.
  Time since last request: 5.364301 seconds.
  path: Assets/_VisualEffectAssets/p03.vfx
  artifactKey: Guid(11833b80be9ca014f9027e33799ba9ec) Importer(815301076,1909f56bfc062723c751e8b465ee728b)
Start importing Assets/_VisualEffectAssets/p03.vfx using Guid(11833b80be9ca014f9027e33799ba9ec) Importer(815301076,1909f56bfc062723c751e8b465ee728b)  -> (artifact id: '74e642d9f291db322f63ca3694611cca') in 0.111498 seconds 
========================================================================
Received Import Request.
  Time since last request: 32.130758 seconds.
  path: Assets/_VisualEffectAssets/p03.vfx
  artifactKey: Guid(11833b80be9ca014f9027e33799ba9ec) Importer(815301076,1909f56bfc062723c751e8b465ee728b)
Start importing Assets/_VisualEffectAssets/p03.vfx using Guid(11833b80be9ca014f9027e33799ba9ec) Importer(815301076,1909f56bfc062723c751e8b465ee728b)  -> (artifact id: 'fb1d853aadb0a938161a74912db63420') in 0.339850 seconds 
========================================================================
Received Import Request.
  Time since last request: 16.378774 seconds.
  path: Assets/_VisualEffectAssets/p03.vfx
  artifactKey: Guid(11833b80be9ca014f9027e33799ba9ec) Importer(815301076,1909f56bfc062723c751e8b465ee728b)
Start importing Assets/_VisualEffectAssets/p03.vfx using Guid(11833b80be9ca014f9027e33799ba9ec) Importer(815301076,1909f56bfc062723c751e8b465ee728b)  -> (artifact id: '2ab636b01ccb3910fbf9b9407d532b4d') in 0.519119 seconds 
========================================================================
Received Import Request.
  Time since last request: 19.010252 seconds.
  path: Assets/_VisualEffectAssets/p03.vfx
  artifactKey: Guid(11833b80be9ca014f9027e33799ba9ec) Importer(815301076,1909f56bfc062723c751e8b465ee728b)
Start importing Assets/_VisualEffectAssets/p03.vfx using Guid(11833b80be9ca014f9027e33799ba9ec) Importer(815301076,1909f56bfc062723c751e8b465ee728b)  -> (artifact id: '1e7fdebe58f45b4904a38cca43226e03') in 0.415993 seconds 
========================================================================
Received Import Request.
  Time since last request: 47.768565 seconds.
  path: Assets/_VisualEffectAssets/p03.vfx
  artifactKey: Guid(11833b80be9ca014f9027e33799ba9ec) Importer(815301076,1909f56bfc062723c751e8b465ee728b)
Start importing Assets/_VisualEffectAssets/p03.vfx using Guid(11833b80be9ca014f9027e33799ba9ec) Importer(815301076,1909f56bfc062723c751e8b465ee728b)  -> (artifact id: '569e8873e682f61d8330ce0705fa3e8f') in 0.428035 seconds 
========================================================================
Received Import Request.
  Time since last request: 47.621771 seconds.
  path: Assets/_VisualEffectAssets/com/Torus_nst.vfx
  artifactKey: Guid(587a407f79344b846acdad748070794a) Importer(815301076,1909f56bfc062723c751e8b465ee728b)
Start importing Assets/_VisualEffectAssets/com/Torus_nst.vfx using Guid(587a407f79344b846acdad748070794a) Importer(815301076,1909f56bfc062723c751e8b465ee728b)  -> (artifact id: 'a9ff356115f735684ff60acc640bae7d') in 0.020882 seconds 
========================================================================
Received Import Request.
  Time since last request: 87.093695 seconds.
  path: Assets/_VisualEffectAssets/com/Torus_nst.vfx
  artifactKey: Guid(587a407f79344b846acdad748070794a) Importer(815301076,1909f56bfc062723c751e8b465ee728b)
Start importing Assets/_VisualEffectAssets/com/Torus_nst.vfx using Guid(587a407f79344b846acdad748070794a) Importer(815301076,1909f56bfc062723c751e8b465ee728b)  -> (artifact id: '9fd82107e920d0cc2aa751bda6b178e9') in 0.021110 seconds 
========================================================================
Received Import Request.
  Time since last request: 174.910042 seconds.
  path: Assets/_VisualEffectAssets/com/Torus_nst.vfx
  artifactKey: Guid(587a407f79344b846acdad748070794a) Importer(815301076,1909f56bfc062723c751e8b465ee728b)
Start importing Assets/_VisualEffectAssets/com/Torus_nst.vfx using Guid(587a407f79344b846acdad748070794a) Importer(815301076,1909f56bfc062723c751e8b465ee728b)  -> (artifact id: '1f18c1c538417d1815a5794ba8dd2fea') in 0.027077 seconds 
========================================================================
Received Import Request.
  Time since last request: 13.785356 seconds.
  path: Assets/_VisualEffectAssets/com/Torus_nst.vfx
  artifactKey: Guid(587a407f79344b846acdad748070794a) Importer(815301076,1909f56bfc062723c751e8b465ee728b)
Start importing Assets/_VisualEffectAssets/com/Torus_nst.vfx using Guid(587a407f79344b846acdad748070794a) Importer(815301076,1909f56bfc062723c751e8b465ee728b)  -> (artifact id: '05cce001a3534bb91744f94b0d0f7956') in 0.021733 seconds 
========================================================================
Received Import Request.
  Time since last request: 9.733654 seconds.
  path: Assets/_VisualEffectAssets/com/Torus_nst.vfx
  artifactKey: Guid(587a407f79344b846acdad748070794a) Importer(815301076,1909f56bfc062723c751e8b465ee728b)
Start importing Assets/_VisualEffectAssets/com/Torus_nst.vfx using Guid(587a407f79344b846acdad748070794a) Importer(815301076,1909f56bfc062723c751e8b465ee728b)  -> (artifact id: 'b2a01fe6f92473fd056bf7a35d080c0c') in 0.025810 seconds 
========================================================================
Received Import Request.
  Time since last request: 127.573464 seconds.
  path: Assets/_VisualEffectAssets/com/Torus_nst.vfx
  artifactKey: Guid(587a407f79344b846acdad748070794a) Importer(815301076,1909f56bfc062723c751e8b465ee728b)
Start importing Assets/_VisualEffectAssets/com/Torus_nst.vfx using Guid(587a407f79344b846acdad748070794a) Importer(815301076,1909f56bfc062723c751e8b465ee728b)  -> (artifact id: '19bc80cd3c93cda3fd83da510154fc2c') in 0.030414 seconds 
========================================================================
Received Import Request.
  Time since last request: 187.604966 seconds.
  path: Assets/_VisualEffectAssets/com/Torus_nst.vfx
  artifactKey: Guid(587a407f79344b846acdad748070794a) Importer(815301076,1909f56bfc062723c751e8b465ee728b)
Start importing Assets/_VisualEffectAssets/com/Torus_nst.vfx using Guid(587a407f79344b846acdad748070794a) Importer(815301076,1909f56bfc062723c751e8b465ee728b)  -> (artifact id: 'ba8577e0820ccb87364fe4b2084b744d') in 0.025404 seconds 
========================================================================
Received Import Request.
  Time since last request: 41.238327 seconds.
  path: Assets/VFX/Effects/MainMenu/MainMenu-Galaxy.vfx
  artifactKey: Guid(3623863759a0bbc4f800fe6989ae1942) Importer(815301076,1909f56bfc062723c751e8b465ee728b)
Start importing Assets/VFX/Effects/MainMenu/MainMenu-Galaxy.vfx using Guid(3623863759a0bbc4f800fe6989ae1942) Importer(815301076,1909f56bfc062723c751e8b465ee728b)  -> (artifact id: '68e16a9f2cd3fe52bb1c2b5a3213954c') in 2.971201 seconds 
========================================================================
Received Import Request.
  Time since last request: 4.797293 seconds.
  path: Assets/_VisualEffectAssets/com/Torus_nst.vfx
  artifactKey: Guid(587a407f79344b846acdad748070794a) Importer(815301076,1909f56bfc062723c751e8b465ee728b)
Start importing Assets/_VisualEffectAssets/com/Torus_nst.vfx using Guid(587a407f79344b846acdad748070794a) Importer(815301076,1909f56bfc062723c751e8b465ee728b)  -> (artifact id: '05a1b0a0b1b0111f03b962084ea4be72') in 0.021555 seconds 
========================================================================
Received Import Request.
  Time since last request: 822.067078 seconds.
  path: Assets/_Textures/tx_glow01.png
  artifactKey: Guid(90bb8b0ddc4152a4dbab026151fea700) Importer(815301076,1909f56bfc062723c751e8b465ee728b)
Start importing Assets/_Textures/tx_glow01.png using Guid(90bb8b0ddc4152a4dbab026151fea700) Importer(815301076,1909f56bfc062723c751e8b465ee728b)  -> (artifact id: '75a9e4b3d127078556ff2abe08a26700') in 0.203007 seconds 
========================================================================
Received Import Request.
  Time since last request: 640.809666 seconds.
  path: Assets/_VisualEffectAssets/com/Torus_nst.vfx
  artifactKey: Guid(587a407f79344b846acdad748070794a) Importer(815301076,1909f56bfc062723c751e8b465ee728b)
Start importing Assets/_VisualEffectAssets/com/Torus_nst.vfx using Guid(587a407f79344b846acdad748070794a) Importer(815301076,1909f56bfc062723c751e8b465ee728b)  -> (artifact id: 'c6f8770104c3c42389352630bc5ad5d8') in 0.086098 seconds 
========================================================================
Received Import Request.
  Time since last request: 606.851291 seconds.
  path: Assets/_VisualEffectAssets/com/Torus_nst.vfx
  artifactKey: Guid(587a407f79344b846acdad748070794a) Importer(815301076,1909f56bfc062723c751e8b465ee728b)
Start importing Assets/_VisualEffectAssets/com/Torus_nst.vfx using Guid(587a407f79344b846acdad748070794a) Importer(815301076,1909f56bfc062723c751e8b465ee728b)  -> (artifact id: '64a5fcc5b903aebc7b1c94147c34f792') in 0.030047 seconds 
========================================================================
Received Import Request.
  Time since last request: 151.970310 seconds.
  path: Assets/_VisualEffectAssets/com/Torus_nst.vfx
  artifactKey: Guid(587a407f79344b846acdad748070794a) Importer(815301076,1909f56bfc062723c751e8b465ee728b)
Start importing Assets/_VisualEffectAssets/com/Torus_nst.vfx using Guid(587a407f79344b846acdad748070794a) Importer(815301076,1909f56bfc062723c751e8b465ee728b)  -> (artifact id: '90592bcbb35251ef3fd4467e110fce24') in 0.028454 seconds 
========================================================================
Received Import Request.
  Time since last request: 115.652227 seconds.
  path: Assets/_VisualEffectAssets/com/Torus_nst.vfx
  artifactKey: Guid(587a407f79344b846acdad748070794a) Importer(815301076,1909f56bfc062723c751e8b465ee728b)
Start importing Assets/_VisualEffectAssets/com/Torus_nst.vfx using Guid(587a407f79344b846acdad748070794a) Importer(815301076,1909f56bfc062723c751e8b465ee728b)  -> (artifact id: 'e7bfc18237c777a1349b7edd80b2b187') in 0.021777 seconds 
========================================================================
Received Import Request.
  Time since last request: 16.963671 seconds.
  path: Assets/_VisualEffectAssets/com/Torus_nst.vfx
  artifactKey: Guid(587a407f79344b846acdad748070794a) Importer(815301076,1909f56bfc062723c751e8b465ee728b)
Start importing Assets/_VisualEffectAssets/com/Torus_nst.vfx using Guid(587a407f79344b846acdad748070794a) Importer(815301076,1909f56bfc062723c751e8b465ee728b)  -> (artifact id: 'd7baa923c086a47c44ca050af909e710') in 0.021607 seconds 
========================================================================
Received Import Request.
  Time since last request: 57.029751 seconds.
  path: Assets/_VisualEffectAssets/com/Torus_nst.vfx
  artifactKey: Guid(587a407f79344b846acdad748070794a) Importer(815301076,1909f56bfc062723c751e8b465ee728b)
Start importing Assets/_VisualEffectAssets/com/Torus_nst.vfx using Guid(587a407f79344b846acdad748070794a) Importer(815301076,1909f56bfc062723c751e8b465ee728b)  -> (artifact id: '67972296f75d745130cbf146c838f52c') in 0.026605 seconds 
========================================================================
Received Import Request.
  Time since last request: 8.840005 seconds.
  path: Assets/_VisualEffectAssets/p03.vfx
  artifactKey: Guid(11833b80be9ca014f9027e33799ba9ec) Importer(815301076,1909f56bfc062723c751e8b465ee728b)
Start importing Assets/_VisualEffectAssets/p03.vfx using Guid(11833b80be9ca014f9027e33799ba9ec) Importer(815301076,1909f56bfc062723c751e8b465ee728b)  -> (artifact id: 'f4e772dd171bb494e523b48721c03925') in 0.520192 seconds 
========================================================================
Received Import Request.
  Time since last request: 0.821057 seconds.
  path: Assets/_VisualEffectAssets/p03.vfx
  artifactKey: Guid(11833b80be9ca014f9027e33799ba9ec) Importer(815301076,1909f56bfc062723c751e8b465ee728b)
Start importing Assets/_VisualEffectAssets/p03.vfx using Guid(11833b80be9ca014f9027e33799ba9ec) Importer(815301076,1909f56bfc062723c751e8b465ee728b)  -> (artifact id: '248cacdfb223a56ef261ef24dd39d417') in 0.100903 seconds 
========================================================================
Received Import Request.
  Time since last request: 24.253227 seconds.
  path: Assets/_VisualEffectAssets/com/Torus_nst.vfx
  artifactKey: Guid(587a407f79344b846acdad748070794a) Importer(815301076,1909f56bfc062723c751e8b465ee728b)
Start importing Assets/_VisualEffectAssets/com/Torus_nst.vfx using Guid(587a407f79344b846acdad748070794a) Importer(815301076,1909f56bfc062723c751e8b465ee728b)  -> (artifact id: '1f007cd5f244558b8e1e5f80036f667d') in 0.044454 seconds 
========================================================================
Received Import Request.
  Time since last request: 36.675507 seconds.
  path: Assets/_VisualEffectAssets/com/Torus_nst.vfx
  artifactKey: Guid(587a407f79344b846acdad748070794a) Importer(815301076,1909f56bfc062723c751e8b465ee728b)
Start importing Assets/_VisualEffectAssets/com/Torus_nst.vfx using Guid(587a407f79344b846acdad748070794a) Importer(815301076,1909f56bfc062723c751e8b465ee728b)  -> (artifact id: '5aca9ceb817491b1d9c4ab4755e4f799') in 0.021296 seconds 
========================================================================
Received Import Request.
  Time since last request: 9.121236 seconds.
  path: Assets/_VisualEffectAssets/com/Torus_nst.vfx
  artifactKey: Guid(587a407f79344b846acdad748070794a) Importer(815301076,1909f56bfc062723c751e8b465ee728b)
Start importing Assets/_VisualEffectAssets/com/Torus_nst.vfx using Guid(587a407f79344b846acdad748070794a) Importer(815301076,1909f56bfc062723c751e8b465ee728b)  -> (artifact id: 'd0f6181849c2f8c05f3df6cdcc38c83f') in 0.027871 seconds 
========================================================================
Received Import Request.
  Time since last request: 4.650621 seconds.
  path: Assets/_VisualEffectAssets/p03.vfx
  artifactKey: Guid(11833b80be9ca014f9027e33799ba9ec) Importer(815301076,1909f56bfc062723c751e8b465ee728b)
Start importing Assets/_VisualEffectAssets/p03.vfx using Guid(11833b80be9ca014f9027e33799ba9ec) Importer(815301076,1909f56bfc062723c751e8b465ee728b)  -> (artifact id: '8b2e7ba00d4aac6c287ee1f949b3d9e4') in 0.284068 seconds 
========================================================================
Received Import Request.
  Time since last request: 2.459642 seconds.
  path: Assets/_VisualEffectAssets/p03.vfx
  artifactKey: Guid(11833b80be9ca014f9027e33799ba9ec) Importer(815301076,1909f56bfc062723c751e8b465ee728b)
Start importing Assets/_VisualEffectAssets/p03.vfx using Guid(11833b80be9ca014f9027e33799ba9ec) Importer(815301076,1909f56bfc062723c751e8b465ee728b)  -> (artifact id: '22722fea2fbbdaa655db3e435e7db7b5') in 0.420604 seconds 
========================================================================
Received Import Request.
  Time since last request: 52.037800 seconds.
  path: Assets/_VisualEffectAssets/p03.vfx
  artifactKey: Guid(11833b80be9ca014f9027e33799ba9ec) Importer(815301076,1909f56bfc062723c751e8b465ee728b)
Start importing Assets/_VisualEffectAssets/p03.vfx using Guid(11833b80be9ca014f9027e33799ba9ec) Importer(815301076,1909f56bfc062723c751e8b465ee728b)  -> (artifact id: 'b60756da37ef13e0ae9a18552bc66bc4') in 0.178295 seconds 
========================================================================
Received Import Request.
  Time since last request: 7.604537 seconds.
  path: Assets/_VisualEffectAssets/p03.vfx
  artifactKey: Guid(11833b80be9ca014f9027e33799ba9ec) Importer(815301076,1909f56bfc062723c751e8b465ee728b)
Start importing Assets/_VisualEffectAssets/p03.vfx using Guid(11833b80be9ca014f9027e33799ba9ec) Importer(815301076,1909f56bfc062723c751e8b465ee728b)  -> (artifact id: '08a063a76a47720d5023ee7944827dfb') in 0.323345 seconds 
========================================================================
Received Import Request.
  Time since last request: 24.908472 seconds.
  path: Assets/_VisualEffectAssets/p03.vfx
  artifactKey: Guid(11833b80be9ca014f9027e33799ba9ec) Importer(815301076,1909f56bfc062723c751e8b465ee728b)
Start importing Assets/_VisualEffectAssets/p03.vfx using Guid(11833b80be9ca014f9027e33799ba9ec) Importer(815301076,1909f56bfc062723c751e8b465ee728b)  -> (artifact id: 'd8ba8414b80091eed918af5db9eea8eb') in 0.241364 seconds 
========================================================================
Received Import Request.
  Time since last request: 17.955920 seconds.
  path: Assets/_VisualEffectAssets/com/Torus_nst.vfx
  artifactKey: Guid(587a407f79344b846acdad748070794a) Importer(815301076,1909f56bfc062723c751e8b465ee728b)
Start importing Assets/_VisualEffectAssets/com/Torus_nst.vfx using Guid(587a407f79344b846acdad748070794a) Importer(815301076,1909f56bfc062723c751e8b465ee728b)  -> (artifact id: '570d991924a921986bc9b1dc0285eb15') in 0.059018 seconds 
========================================================================
Received Import Request.
  Time since last request: 59.219735 seconds.
  path: Assets/_VisualEffectAssets/com/Torus_nst.vfx
  artifactKey: Guid(587a407f79344b846acdad748070794a) Importer(815301076,1909f56bfc062723c751e8b465ee728b)
Start importing Assets/_VisualEffectAssets/com/Torus_nst.vfx using Guid(587a407f79344b846acdad748070794a) Importer(815301076,1909f56bfc062723c751e8b465ee728b)  -> (artifact id: 'cd7cf2828b3acf155f5c7c79f40ebba2') in 0.019017 seconds 
========================================================================
Received Import Request.
  Time since last request: 6.597088 seconds.
  path: Assets/_VisualEffectAssets/com/Torus_nst.vfx
  artifactKey: Guid(587a407f79344b846acdad748070794a) Importer(815301076,1909f56bfc062723c751e8b465ee728b)
Start importing Assets/_VisualEffectAssets/com/Torus_nst.vfx using Guid(587a407f79344b846acdad748070794a) Importer(815301076,1909f56bfc062723c751e8b465ee728b)  -> (artifact id: 'eb89a4286db23609b59446b65aa18f03') in 0.020481 seconds 
========================================================================
Received Import Request.
  Time since last request: 49.905482 seconds.
  path: Assets/_VisualEffectAssets/p03.vfx
  artifactKey: Guid(11833b80be9ca014f9027e33799ba9ec) Importer(815301076,1909f56bfc062723c751e8b465ee728b)
Start importing Assets/_VisualEffectAssets/p03.vfx using Guid(11833b80be9ca014f9027e33799ba9ec) Importer(815301076,1909f56bfc062723c751e8b465ee728b)  -> (artifact id: '7831345ffb269f9ce8b53d94917ec11a') in 0.507851 seconds 
========================================================================
Received Import Request.
  Time since last request: 2.753781 seconds.
  path: Assets/_VisualEffectAssets/p03.vfx
  artifactKey: Guid(11833b80be9ca014f9027e33799ba9ec) Importer(815301076,1909f56bfc062723c751e8b465ee728b)
Start importing Assets/_VisualEffectAssets/p03.vfx using Guid(11833b80be9ca014f9027e33799ba9ec) Importer(815301076,1909f56bfc062723c751e8b465ee728b)  -> (artifact id: '5ccd508950d6f165a6414678349751db') in 0.583399 seconds 
========================================================================
Received Import Request.
  Time since last request: 39.609750 seconds.
  path: Assets/_VisualEffectAssets/p03.vfx
  artifactKey: Guid(11833b80be9ca014f9027e33799ba9ec) Importer(815301076,1909f56bfc062723c751e8b465ee728b)
Start importing Assets/_VisualEffectAssets/p03.vfx using Guid(11833b80be9ca014f9027e33799ba9ec) Importer(815301076,1909f56bfc062723c751e8b465ee728b)  -> (artifact id: 'b81719ef2c953da4bc7a87ccc1f70ed1') in 0.670482 seconds 
========================================================================
Received Import Request.
  Time since last request: 6.747322 seconds.
  path: Assets/_Textures/tx_glow02.png
  artifactKey: Guid(82eeb7a139e6e524eb74673eedc09ab6) Importer(815301076,1909f56bfc062723c751e8b465ee728b)
Start importing Assets/_Textures/tx_glow02.png using Guid(82eeb7a139e6e524eb74673eedc09ab6) Importer(815301076,1909f56bfc062723c751e8b465ee728b)  -> (artifact id: '09164151681b3eb20cd30130f835c415') in 0.012595 seconds 
========================================================================
Received Import Request.
  Time since last request: 344.898121 seconds.
  path: Assets/_VisualEffectAssets/p03.vfx
  artifactKey: Guid(11833b80be9ca014f9027e33799ba9ec) Importer(815301076,1909f56bfc062723c751e8b465ee728b)
Start importing Assets/_VisualEffectAssets/p03.vfx using Guid(11833b80be9ca014f9027e33799ba9ec) Importer(815301076,1909f56bfc062723c751e8b465ee728b)  -> (artifact id: '30ccdcd24cb3ce1fc1f6927ac962b7a1') in 0.348738 seconds 
========================================================================
Received Import Request.
  Time since last request: 32.713119 seconds.
  path: Assets/_VisualEffectAssets/p03.vfx
  artifactKey: Guid(11833b80be9ca014f9027e33799ba9ec) Importer(815301076,1909f56bfc062723c751e8b465ee728b)
Start importing Assets/_VisualEffectAssets/p03.vfx using Guid(11833b80be9ca014f9027e33799ba9ec) Importer(815301076,1909f56bfc062723c751e8b465ee728b)  -> (artifact id: '46d49c3cfcc1de804002efa8f090274c') in 0.332414 seconds 
========================================================================
Received Import Request.
  Time since last request: 4.406568 seconds.
  path: Assets/_VisualEffectAssets/com/Torus_nst.vfx
  artifactKey: Guid(587a407f79344b846acdad748070794a) Importer(815301076,1909f56bfc062723c751e8b465ee728b)
Start importing Assets/_VisualEffectAssets/com/Torus_nst.vfx using Guid(587a407f79344b846acdad748070794a) Importer(815301076,1909f56bfc062723c751e8b465ee728b)  -> (artifact id: 'e0630c5dc523dbb0184463de414cc286') in 0.024939 seconds 
========================================================================
Received Import Request.
  Time since last request: 4.504931 seconds.
  path: Assets/_VisualEffectAssets/com/Torus_nst.vfx
  artifactKey: Guid(587a407f79344b846acdad748070794a) Importer(815301076,1909f56bfc062723c751e8b465ee728b)
Start importing Assets/_VisualEffectAssets/com/Torus_nst.vfx using Guid(587a407f79344b846acdad748070794a) Importer(815301076,1909f56bfc062723c751e8b465ee728b)  -> (artifact id: '736f1db0a471288baa232693fbbfac84') in 0.022755 seconds 
========================================================================
Received Import Request.
  Time since last request: 39.385931 seconds.
  path: Assets/_VisualEffectAssets/com/Torus_nst.vfx
  artifactKey: Guid(587a407f79344b846acdad748070794a) Importer(815301076,1909f56bfc062723c751e8b465ee728b)
Start importing Assets/_VisualEffectAssets/com/Torus_nst.vfx using Guid(587a407f79344b846acdad748070794a) Importer(815301076,1909f56bfc062723c751e8b465ee728b)  -> (artifact id: '73b3cea3ca1ca92be8a3b9b0cc00a031') in 0.056314 seconds 
========================================================================
Received Import Request.
  Time since last request: 13.676244 seconds.
  path: Assets/_VisualEffectAssets/p03.vfx
  artifactKey: Guid(11833b80be9ca014f9027e33799ba9ec) Importer(815301076,1909f56bfc062723c751e8b465ee728b)
Start importing Assets/_VisualEffectAssets/p03.vfx using Guid(11833b80be9ca014f9027e33799ba9ec) Importer(815301076,1909f56bfc062723c751e8b465ee728b)  -> (artifact id: 'b9d9e05eed411d108356da65ff97ae75') in 0.070554 seconds 
========================================================================
Received Import Request.
  Time since last request: 3.560175 seconds.
  path: Assets/_VisualEffectAssets/p03.vfx
  artifactKey: Guid(11833b80be9ca014f9027e33799ba9ec) Importer(815301076,1909f56bfc062723c751e8b465ee728b)
Start importing Assets/_VisualEffectAssets/p03.vfx using Guid(11833b80be9ca014f9027e33799ba9ec) Importer(815301076,1909f56bfc062723c751e8b465ee728b)  -> (artifact id: '62816490197e422af960eb9af63eb6af') in 0.508008 seconds 
========================================================================
Received Import Request.
  Time since last request: 12.706871 seconds.
  path: Assets/_VisualEffectAssets/com/Torus_nst.vfx
  artifactKey: Guid(587a407f79344b846acdad748070794a) Importer(815301076,1909f56bfc062723c751e8b465ee728b)
Start importing Assets/_VisualEffectAssets/com/Torus_nst.vfx using Guid(587a407f79344b846acdad748070794a) Importer(815301076,1909f56bfc062723c751e8b465ee728b)  -> (artifact id: '3569a55d8b33d5241ebafe2b528bce62') in 0.058061 seconds 
========================================================================
Received Import Request.
  Time since last request: 82.610960 seconds.
  path: Assets/_VisualEffectAssets/com/Torus_nst.vfx
  artifactKey: Guid(587a407f79344b846acdad748070794a) Importer(815301076,1909f56bfc062723c751e8b465ee728b)
Start importing Assets/_VisualEffectAssets/com/Torus_nst.vfx using Guid(587a407f79344b846acdad748070794a) Importer(815301076,1909f56bfc062723c751e8b465ee728b)  -> (artifact id: '1a51bae8a95ac033cff4c681cde1e51c') in 0.028852 seconds 
========================================================================
Received Import Request.
  Time since last request: 24.530009 seconds.
  path: Assets/_VisualEffectAssets/com/Torus_nst.vfx
  artifactKey: Guid(587a407f79344b846acdad748070794a) Importer(815301076,1909f56bfc062723c751e8b465ee728b)
Start importing Assets/_VisualEffectAssets/com/Torus_nst.vfx using Guid(587a407f79344b846acdad748070794a) Importer(815301076,1909f56bfc062723c751e8b465ee728b)  -> (artifact id: 'f1eda9f3165d37d2d24dc6b027403ce7') in 0.026546 seconds 
========================================================================
Received Import Request.
  Time since last request: 34.021367 seconds.
  path: Assets/_VisualEffectAssets/com/Torus_nst.vfx
  artifactKey: Guid(587a407f79344b846acdad748070794a) Importer(815301076,1909f56bfc062723c751e8b465ee728b)
Start importing Assets/_VisualEffectAssets/com/Torus_nst.vfx using Guid(587a407f79344b846acdad748070794a) Importer(815301076,1909f56bfc062723c751e8b465ee728b)  -> (artifact id: '241f1b7219d0953ab898d54216250ba1') in 0.028716 seconds 
========================================================================
Received Import Request.
  Time since last request: 9.211273 seconds.
  path: Assets/_VisualEffectAssets/com/Torus_nst.vfx
  artifactKey: Guid(587a407f79344b846acdad748070794a) Importer(815301076,1909f56bfc062723c751e8b465ee728b)
Start importing Assets/_VisualEffectAssets/com/Torus_nst.vfx using Guid(587a407f79344b846acdad748070794a) Importer(815301076,1909f56bfc062723c751e8b465ee728b)  -> (artifact id: '8bbf67b5d81f5bd8df7fb15814898be3') in 0.029114 seconds 
========================================================================
Received Import Request.
  Time since last request: 54.983570 seconds.
  path: Assets/_VisualEffectAssets/com/Torus_nst.vfx
  artifactKey: Guid(587a407f79344b846acdad748070794a) Importer(815301076,1909f56bfc062723c751e8b465ee728b)
Start importing Assets/_VisualEffectAssets/com/Torus_nst.vfx using Guid(587a407f79344b846acdad748070794a) Importer(815301076,1909f56bfc062723c751e8b465ee728b)  -> (artifact id: '37ccc87e8bcb3ba3df86cfb6b9a7bce2') in 0.020908 seconds 
========================================================================
Received Import Request.
  Time since last request: 5.719781 seconds.
  path: Assets/_VisualEffectAssets/com/Torus_nst.vfx
  artifactKey: Guid(587a407f79344b846acdad748070794a) Importer(815301076,1909f56bfc062723c751e8b465ee728b)
Start importing Assets/_VisualEffectAssets/com/Torus_nst.vfx using Guid(587a407f79344b846acdad748070794a) Importer(815301076,1909f56bfc062723c751e8b465ee728b)  -> (artifact id: '1064d64904e52fb75a0bc42e01d8397b') in 0.020759 seconds 
========================================================================
Received Import Request.
  Time since last request: 21.128082 seconds.
  path: Assets/_VisualEffectAssets/com/Torus_nst.vfx
  artifactKey: Guid(587a407f79344b846acdad748070794a) Importer(815301076,1909f56bfc062723c751e8b465ee728b)
Start importing Assets/_VisualEffectAssets/com/Torus_nst.vfx using Guid(587a407f79344b846acdad748070794a) Importer(815301076,1909f56bfc062723c751e8b465ee728b)  -> (artifact id: '89b28f25b4ab2a2cde4fe375f8404d55') in 0.021507 seconds 
========================================================================
Received Import Request.
  Time since last request: 6.992785 seconds.
  path: Assets/_VisualEffectAssets/com/Torus_nst.vfx
  artifactKey: Guid(587a407f79344b846acdad748070794a) Importer(815301076,1909f56bfc062723c751e8b465ee728b)
Start importing Assets/_VisualEffectAssets/com/Torus_nst.vfx using Guid(587a407f79344b846acdad748070794a) Importer(815301076,1909f56bfc062723c751e8b465ee728b)  -> (artifact id: 'd1a2b55903758214adef3533e7b19d5f') in 0.033055 seconds 
========================================================================
Received Import Request.
  Time since last request: 52.259504 seconds.
  path: Assets/_VisualEffectAssets/com/Torus_nst.vfx
  artifactKey: Guid(587a407f79344b846acdad748070794a) Importer(815301076,1909f56bfc062723c751e8b465ee728b)
Start importing Assets/_VisualEffectAssets/com/Torus_nst.vfx using Guid(587a407f79344b846acdad748070794a) Importer(815301076,1909f56bfc062723c751e8b465ee728b)  -> (artifact id: '769919fb2eb1d1d2f9d02c1f7e31b1e6') in 0.021381 seconds 
========================================================================
Received Import Request.
  Time since last request: 16.980204 seconds.
  path: Assets/_VisualEffectAssets/com/Torus_nst.vfx
  artifactKey: Guid(587a407f79344b846acdad748070794a) Importer(815301076,1909f56bfc062723c751e8b465ee728b)
Start importing Assets/_VisualEffectAssets/com/Torus_nst.vfx using Guid(587a407f79344b846acdad748070794a) Importer(815301076,1909f56bfc062723c751e8b465ee728b)  -> (artifact id: '549e830f2fa4250487e31f1b5b94eaba') in 0.021159 seconds 
========================================================================
Received Import Request.
  Time since last request: 25.974278 seconds.
  path: Assets/_VisualEffectAssets/com/Torus_nst.vfx
  artifactKey: Guid(587a407f79344b846acdad748070794a) Importer(815301076,1909f56bfc062723c751e8b465ee728b)
Start importing Assets/_VisualEffectAssets/com/Torus_nst.vfx using Guid(587a407f79344b846acdad748070794a) Importer(815301076,1909f56bfc062723c751e8b465ee728b)  -> (artifact id: '0bab440a9a8448bf24d1213791a2e038') in 0.059618 seconds 
========================================================================
Received Import Request.
  Time since last request: 17.761673 seconds.
  path: Assets/_VisualEffectAssets/com/Torus_nst.vfx
  artifactKey: Guid(587a407f79344b846acdad748070794a) Importer(815301076,1909f56bfc062723c751e8b465ee728b)
Start importing Assets/_VisualEffectAssets/com/Torus_nst.vfx using Guid(587a407f79344b846acdad748070794a) Importer(815301076,1909f56bfc062723c751e8b465ee728b)  -> (artifact id: '831ea7e0ba7a7a6f0420ad66d76994c1') in 0.022925 seconds 
========================================================================
Received Import Request.
  Time since last request: 18.335718 seconds.
  path: Assets/_VisualEffectAssets/com/Torus_nst.vfx
  artifactKey: Guid(587a407f79344b846acdad748070794a) Importer(815301076,1909f56bfc062723c751e8b465ee728b)
Start importing Assets/_VisualEffectAssets/com/Torus_nst.vfx using Guid(587a407f79344b846acdad748070794a) Importer(815301076,1909f56bfc062723c751e8b465ee728b)  -> (artifact id: 'f66b1e264cd2d7218757cfd0ef1bf7c8') in 0.022577 seconds 
========================================================================
Received Import Request.
  Time since last request: 76.962607 seconds.
  path: Assets/_VisualEffectAssets/com/Torus_nst.vfx
  artifactKey: Guid(587a407f79344b846acdad748070794a) Importer(815301076,1909f56bfc062723c751e8b465ee728b)
Start importing Assets/_VisualEffectAssets/com/Torus_nst.vfx using Guid(587a407f79344b846acdad748070794a) Importer(815301076,1909f56bfc062723c751e8b465ee728b)  -> (artifact id: '8aae96dc2aa4da7759005d89eae340f7') in 0.052168 seconds 
========================================================================
Received Import Request.
  Time since last request: 9.324812 seconds.
  path: Assets/_VisualEffectAssets/com/Torus_nst.vfx
  artifactKey: Guid(587a407f79344b846acdad748070794a) Importer(815301076,1909f56bfc062723c751e8b465ee728b)
Start importing Assets/_VisualEffectAssets/com/Torus_nst.vfx using Guid(587a407f79344b846acdad748070794a) Importer(815301076,1909f56bfc062723c751e8b465ee728b)  -> (artifact id: 'fe272ca017fa791194e3371c7b5655cd') in 0.021050 seconds 
========================================================================
Received Import Request.
  Time since last request: 54.055475 seconds.
  path: Assets/_VisualEffectAssets/com/Torus_nst.vfx
  artifactKey: Guid(587a407f79344b846acdad748070794a) Importer(815301076,1909f56bfc062723c751e8b465ee728b)
Start importing Assets/_VisualEffectAssets/com/Torus_nst.vfx using Guid(587a407f79344b846acdad748070794a) Importer(815301076,1909f56bfc062723c751e8b465ee728b)  -> (artifact id: '1eca15e4d0ab2a18f2101434985f46d5') in 0.021534 seconds 
========================================================================
Received Import Request.
  Time since last request: 159.130530 seconds.
  path: Assets/_VisualEffectAssets/com/Torus_nst.vfx
  artifactKey: Guid(587a407f79344b846acdad748070794a) Importer(815301076,1909f56bfc062723c751e8b465ee728b)
Start importing Assets/_VisualEffectAssets/com/Torus_nst.vfx using Guid(587a407f79344b846acdad748070794a) Importer(815301076,1909f56bfc062723c751e8b465ee728b)  -> (artifact id: '6455b8880966ad3f663325fb6bf9b8d9') in 0.030364 seconds 
========================================================================
Received Import Request.
  Time since last request: 20.136885 seconds.
  path: Assets/_VisualEffectAssets/com/Torus_nst.vfx
  artifactKey: Guid(587a407f79344b846acdad748070794a) Importer(815301076,1909f56bfc062723c751e8b465ee728b)
Start importing Assets/_VisualEffectAssets/com/Torus_nst.vfx using Guid(587a407f79344b846acdad748070794a) Importer(815301076,1909f56bfc062723c751e8b465ee728b)  -> (artifact id: '3114db454d05960b799fb2152c87eaae') in 0.025719 seconds 
========================================================================
Received Import Request.
  Time since last request: 6.152013 seconds.
  path: Assets/_VisualEffectAssets/com/Torus_nst.vfx
  artifactKey: Guid(587a407f79344b846acdad748070794a) Importer(815301076,1909f56bfc062723c751e8b465ee728b)
Start importing Assets/_VisualEffectAssets/com/Torus_nst.vfx using Guid(587a407f79344b846acdad748070794a) Importer(815301076,1909f56bfc062723c751e8b465ee728b)  -> (artifact id: '68c2d6cb7ab0b1a295ba919f603512a6') in 0.022899 seconds 
========================================================================
Received Import Request.
  Time since last request: 10.810633 seconds.
  path: Assets/_VisualEffectAssets/com/Torus_nst.vfx
  artifactKey: Guid(587a407f79344b846acdad748070794a) Importer(815301076,1909f56bfc062723c751e8b465ee728b)
Start importing Assets/_VisualEffectAssets/com/Torus_nst.vfx using Guid(587a407f79344b846acdad748070794a) Importer(815301076,1909f56bfc062723c751e8b465ee728b)  -> (artifact id: '12113d48b67717a742c24e0f1665b6e4') in 0.027967 seconds 
========================================================================
Received Import Request.
  Time since last request: 1.998437 seconds.
  path: Assets/_VisualEffectAssets/p03.vfx
  artifactKey: Guid(11833b80be9ca014f9027e33799ba9ec) Importer(815301076,1909f56bfc062723c751e8b465ee728b)
Start importing Assets/_VisualEffectAssets/p03.vfx using Guid(11833b80be9ca014f9027e33799ba9ec) Importer(815301076,1909f56bfc062723c751e8b465ee728b)  -> (artifact id: '7e19270d369f67437cccbad1dce98153') in 0.162418 seconds 
========================================================================
Received Import Request.
  Time since last request: 3.384152 seconds.
  path: Assets/_VisualEffectAssets/p03.vfx
  artifactKey: Guid(11833b80be9ca014f9027e33799ba9ec) Importer(815301076,1909f56bfc062723c751e8b465ee728b)
Start importing Assets/_VisualEffectAssets/p03.vfx using Guid(11833b80be9ca014f9027e33799ba9ec) Importer(815301076,1909f56bfc062723c751e8b465ee728b)  -> (artifact id: '87245b3fa0d5ee87f3e059bce9eb2b37') in 0.107510 seconds 
========================================================================
Received Import Request.
  Time since last request: 29.942757 seconds.
  path: Assets/_VisualEffectAssets/p03.vfx
  artifactKey: Guid(11833b80be9ca014f9027e33799ba9ec) Importer(815301076,1909f56bfc062723c751e8b465ee728b)
Start importing Assets/_VisualEffectAssets/p03.vfx using Guid(11833b80be9ca014f9027e33799ba9ec) Importer(815301076,1909f56bfc062723c751e8b465ee728b)  -> (artifact id: 'e2845c4e849b79ab504f6ed7378aefe9') in 0.327814 seconds 
========================================================================
Received Import Request.
  Time since last request: 12.129002 seconds.
  path: Assets/_VisualEffectAssets/com/Torus_nst.vfx
  artifactKey: Guid(587a407f79344b846acdad748070794a) Importer(815301076,1909f56bfc062723c751e8b465ee728b)
Start importing Assets/_VisualEffectAssets/com/Torus_nst.vfx using Guid(587a407f79344b846acdad748070794a) Importer(815301076,1909f56bfc062723c751e8b465ee728b)  -> (artifact id: '890f3c6cb85ab77c988cd3e05d255116') in 0.020885 seconds 
========================================================================
Received Import Request.
  Time since last request: 33.783505 seconds.
  path: Assets/_VisualEffectAssets/com/Torus_nst.vfx
  artifactKey: Guid(587a407f79344b846acdad748070794a) Importer(815301076,1909f56bfc062723c751e8b465ee728b)
Start importing Assets/_VisualEffectAssets/com/Torus_nst.vfx using Guid(587a407f79344b846acdad748070794a) Importer(815301076,1909f56bfc062723c751e8b465ee728b)  -> (artifact id: '787f23b15a544c430e1a8b153c98e69f') in 0.023561 seconds 
========================================================================
Received Import Request.
  Time since last request: 11.205893 seconds.
  path: Assets/_VisualEffectAssets/p03.vfx
  artifactKey: Guid(11833b80be9ca014f9027e33799ba9ec) Importer(815301076,1909f56bfc062723c751e8b465ee728b)
Start importing Assets/_VisualEffectAssets/p03.vfx using Guid(11833b80be9ca014f9027e33799ba9ec) Importer(815301076,1909f56bfc062723c751e8b465ee728b)  -> (artifact id: 'd120f63ab749f6d8c812474f516543a1') in 0.069274 seconds 
========================================================================
Received Import Request.
  Time since last request: 3.990575 seconds.
  path: Assets/_VisualEffectAssets/p03.vfx
  artifactKey: Guid(11833b80be9ca014f9027e33799ba9ec) Importer(815301076,1909f56bfc062723c751e8b465ee728b)
Start importing Assets/_VisualEffectAssets/p03.vfx using Guid(11833b80be9ca014f9027e33799ba9ec) Importer(815301076,1909f56bfc062723c751e8b465ee728b)  -> (artifact id: 'f3c8d9e6a812248ab7b9304e037a8628') in 0.095859 seconds 
========================================================================
Received Import Request.
  Time since last request: 40.795894 seconds.
  path: Assets/_VisualEffectAssets/p03.vfx
  artifactKey: Guid(11833b80be9ca014f9027e33799ba9ec) Importer(815301076,1909f56bfc062723c751e8b465ee728b)
Start importing Assets/_VisualEffectAssets/p03.vfx using Guid(11833b80be9ca014f9027e33799ba9ec) Importer(815301076,1909f56bfc062723c751e8b465ee728b)  -> (artifact id: 'e863532dec6674032696780b4e13f30a') in 0.257274 seconds 
========================================================================
Received Import Request.
  Time since last request: 484.861811 seconds.
  path: Assets/_VisualEffectAssets/p03.vfx
  artifactKey: Guid(11833b80be9ca014f9027e33799ba9ec) Importer(815301076,1909f56bfc062723c751e8b465ee728b)
Start importing Assets/_VisualEffectAssets/p03.vfx using Guid(11833b80be9ca014f9027e33799ba9ec) Importer(815301076,1909f56bfc062723c751e8b465ee728b)  -> (artifact id: '9fbb847e552c7ad5651a9bdb1ff0d86d') in 0.432660 seconds 
========================================================================
Received Import Request.
  Time since last request: 26.124085 seconds.
  path: Assets/_VisualEffectAssets/p03.vfx
  artifactKey: Guid(11833b80be9ca014f9027e33799ba9ec) Importer(815301076,1909f56bfc062723c751e8b465ee728b)
Start importing Assets/_VisualEffectAssets/p03.vfx using Guid(11833b80be9ca014f9027e33799ba9ec) Importer(815301076,1909f56bfc062723c751e8b465ee728b)  -> (artifact id: '0bb50d603531a1ca6bb5c48ac4d87835') in 1.512837 seconds 
========================================================================
Received Import Request.
  Time since last request: 60.317389 seconds.
  path: Assets/_VisualEffectAssets/com/Torus_nst.vfx
  artifactKey: Guid(587a407f79344b846acdad748070794a) Importer(815301076,1909f56bfc062723c751e8b465ee728b)
Start importing Assets/_VisualEffectAssets/com/Torus_nst.vfx using Guid(587a407f79344b846acdad748070794a) Importer(815301076,1909f56bfc062723c751e8b465ee728b)  -> (artifact id: 'b75adc26b7e7f74985031ddf4ea2bb71') in 0.039817 seconds 
========================================================================
Received Import Request.
  Time since last request: 31.203516 seconds.
  path: Assets/_VisualEffectAssets/com/Torus_nst.vfx
  artifactKey: Guid(587a407f79344b846acdad748070794a) Importer(815301076,1909f56bfc062723c751e8b465ee728b)
Start importing Assets/_VisualEffectAssets/com/Torus_nst.vfx using Guid(587a407f79344b846acdad748070794a) Importer(815301076,1909f56bfc062723c751e8b465ee728b)  -> (artifact id: 'd365e9d18458a28e5d85084f2444f87c') in 0.021149 seconds 
========================================================================
Received Import Request.
  Time since last request: 68.904459 seconds.
  path: Assets/_VisualEffectAssets/com/Torus_nst.vfx
  artifactKey: Guid(587a407f79344b846acdad748070794a) Importer(815301076,1909f56bfc062723c751e8b465ee728b)
Start importing Assets/_VisualEffectAssets/com/Torus_nst.vfx using Guid(587a407f79344b846acdad748070794a) Importer(815301076,1909f56bfc062723c751e8b465ee728b)  -> (artifact id: '5f51cbccac5395c7193ac3ce1f5da1e0') in 0.026613 seconds 
========================================================================
Received Import Request.
  Time since last request: 5.580074 seconds.
  path: Assets/_VisualEffectAssets/p03.vfx
  artifactKey: Guid(11833b80be9ca014f9027e33799ba9ec) Importer(815301076,1909f56bfc062723c751e8b465ee728b)
Start importing Assets/_VisualEffectAssets/p03.vfx using Guid(11833b80be9ca014f9027e33799ba9ec) Importer(815301076,1909f56bfc062723c751e8b465ee728b)  -> (artifact id: '36a24760c0e3b9debe5e92e238bf3d71') in 0.140003 seconds 
========================================================================
Received Import Request.
  Time since last request: 4.438021 seconds.
  path: Assets/_VisualEffectAssets/p03.vfx
  artifactKey: Guid(11833b80be9ca014f9027e33799ba9ec) Importer(815301076,1909f56bfc062723c751e8b465ee728b)
Start importing Assets/_VisualEffectAssets/p03.vfx using Guid(11833b80be9ca014f9027e33799ba9ec) Importer(815301076,1909f56bfc062723c751e8b465ee728b)  -> (artifact id: '08ab36ba06d5439d98d9fcf8038fd0e5') in 0.125609 seconds 
========================================================================
Received Import Request.
  Time since last request: 9.788152 seconds.
  path: Assets/_VisualEffectAssets/p03.vfx
  artifactKey: Guid(11833b80be9ca014f9027e33799ba9ec) Importer(815301076,1909f56bfc062723c751e8b465ee728b)
Start importing Assets/_VisualEffectAssets/p03.vfx using Guid(11833b80be9ca014f9027e33799ba9ec) Importer(815301076,1909f56bfc062723c751e8b465ee728b)  -> (artifact id: '6ff07364c8ecedd6f06b98df0e10f881') in 0.232503 seconds 
========================================================================
Received Import Request.
  Time since last request: 400.423821 seconds.
  path: Assets/_VisualEffectAssets/p03.vfx
  artifactKey: Guid(11833b80be9ca014f9027e33799ba9ec) Importer(815301076,1909f56bfc062723c751e8b465ee728b)
Start importing Assets/_VisualEffectAssets/p03.vfx using Guid(11833b80be9ca014f9027e33799ba9ec) Importer(815301076,1909f56bfc062723c751e8b465ee728b)  -> (artifact id: '69faecb8637c9595cf234fe04b312ce8') in 0.211481 seconds 
========================================================================
Received Import Request.
  Time since last request: 3.148058 seconds.
  path: Assets/_VisualEffectAssets/p03.vfx
  artifactKey: Guid(11833b80be9ca014f9027e33799ba9ec) Importer(815301076,1909f56bfc062723c751e8b465ee728b)
Start importing Assets/_VisualEffectAssets/p03.vfx using Guid(11833b80be9ca014f9027e33799ba9ec) Importer(815301076,1909f56bfc062723c751e8b465ee728b)  -> (artifact id: '98eab159887b7c24a4c6c93ee77b10ef') in 0.240650 seconds 
========================================================================
Received Import Request.
  Time since last request: 145.919961 seconds.
  path: Assets/_VisualEffectAssets/p03.vfx
  artifactKey: Guid(11833b80be9ca014f9027e33799ba9ec) Importer(815301076,1909f56bfc062723c751e8b465ee728b)
Start importing Assets/_VisualEffectAssets/p03.vfx using Guid(11833b80be9ca014f9027e33799ba9ec) Importer(815301076,1909f56bfc062723c751e8b465ee728b)  -> (artifact id: 'ed471f616b414bb0c0db841fd966af68') in 0.328036 seconds 
========================================================================
Received Import Request.
  Time since last request: 88.133129 seconds.
  path: Assets/_VisualEffectAssets/p03.vfx
  artifactKey: Guid(11833b80be9ca014f9027e33799ba9ec) Importer(815301076,1909f56bfc062723c751e8b465ee728b)
Start importing Assets/_VisualEffectAssets/p03.vfx using Guid(11833b80be9ca014f9027e33799ba9ec) Importer(815301076,1909f56bfc062723c751e8b465ee728b)  -> (artifact id: '7a04dc92a08ac7ed1fe339ef4bc3acf1') in 0.273635 seconds 
========================================================================
Received Import Request.
  Time since last request: 255.568255 seconds.
  path: Assets/_VisualEffectAssets/p03.vfx
  artifactKey: Guid(11833b80be9ca014f9027e33799ba9ec) Importer(815301076,1909f56bfc062723c751e8b465ee728b)
Start importing Assets/_VisualEffectAssets/p03.vfx using Guid(11833b80be9ca014f9027e33799ba9ec) Importer(815301076,1909f56bfc062723c751e8b465ee728b)  -> (artifact id: 'b651d97afc956efa3f63a225eca2d057') in 0.325727 seconds 
========================================================================
Received Import Request.
  Time since last request: 626.527854 seconds.
  path: Assets/VFX/Effects/MainMenu/MainMenu 1.vfx
  artifactKey: Guid(afde1b87b357f0c48b132796c700806c) Importer(815301076,1909f56bfc062723c751e8b465ee728b)
Start importing Assets/VFX/Effects/MainMenu/MainMenu 1.vfx using Guid(afde1b87b357f0c48b132796c700806c) Importer(815301076,1909f56bfc062723c751e8b465ee728b)  -> (artifact id: 'fbc91f6b35876ef69b026ff4459957de') in 3.299079 seconds 
========================================================================
Received Import Request.
  Time since last request: 10.667907 seconds.
  path: Assets/_VisualEffectAssets/p03.vfx
  artifactKey: Guid(11833b80be9ca014f9027e33799ba9ec) Importer(815301076,1909f56bfc062723c751e8b465ee728b)
Start importing Assets/_VisualEffectAssets/p03.vfx using Guid(11833b80be9ca014f9027e33799ba9ec) Importer(815301076,1909f56bfc062723c751e8b465ee728b)  -> (artifact id: 'e61e44551d42746152ef41b6c78c30d9') in 0.251620 seconds 
========================================================================
Received Import Request.
  Time since last request: 7.354103 seconds.
  path: Assets/_VisualEffectAssets/p03.vfx
  artifactKey: Guid(11833b80be9ca014f9027e33799ba9ec) Importer(815301076,1909f56bfc062723c751e8b465ee728b)
Start importing Assets/_VisualEffectAssets/p03.vfx using Guid(11833b80be9ca014f9027e33799ba9ec) Importer(815301076,1909f56bfc062723c751e8b465ee728b)  -> (artifact id: '23bdeb90a37db57742aa6874b314d9a7') in 0.205965 seconds 
========================================================================
Received Import Request.
  Time since last request: 31.926487 seconds.
  path: Assets/_VisualEffectAssets/p03.vfx
  artifactKey: Guid(11833b80be9ca014f9027e33799ba9ec) Importer(815301076,1909f56bfc062723c751e8b465ee728b)
Start importing Assets/_VisualEffectAssets/p03.vfx using Guid(11833b80be9ca014f9027e33799ba9ec) Importer(815301076,1909f56bfc062723c751e8b465ee728b)  -> (artifact id: 'fd33f075fe6de1f52f689bffe007f459') in 1.044823 seconds 
========================================================================
Received Import Request.
  Time since last request: 37.833330 seconds.
  path: Assets/VFX/Textures
  artifactKey: Guid(8eb0c1b335b0b164cb43fce7fe0e9841) Importer(815301076,1909f56bfc062723c751e8b465ee728b)
Start importing Assets/VFX/Textures using Guid(8eb0c1b335b0b164cb43fce7fe0e9841) Importer(815301076,1909f56bfc062723c751e8b465ee728b)  -> (artifact id: '3340c6157816ad820496846e02ea15d2') in 0.008584 seconds 
========================================================================
Received Import Request.
  Time since last request: 7.121782 seconds.
  path: Assets/VFX/Textures/Generic
  artifactKey: Guid(811549398dd4f374198560053c4e7ed3) Importer(815301076,1909f56bfc062723c751e8b465ee728b)
Start importing Assets/VFX/Textures/Generic using Guid(811549398dd4f374198560053c4e7ed3) Importer(815301076,1909f56bfc062723c751e8b465ee728b)  -> (artifact id: '920379f11fe88204fb70615f60ccd60a') in 0.003628 seconds 
========================================================================
Received Import Request.
  Time since last request: 49.013053 seconds.
  path: Assets/_VisualEffectAssets/p03.vfx
  artifactKey: Guid(11833b80be9ca014f9027e33799ba9ec) Importer(815301076,1909f56bfc062723c751e8b465ee728b)
Start importing Assets/_VisualEffectAssets/p03.vfx using Guid(11833b80be9ca014f9027e33799ba9ec) Importer(815301076,1909f56bfc062723c751e8b465ee728b)  -> (artifact id: 'ec35d0dc77c39ac25daafad1204d93cc') in 0.792212 seconds 
========================================================================
Received Import Request.
  Time since last request: 31.202183 seconds.
  path: Assets/_VisualEffectAssets/p03.vfx
  artifactKey: Guid(11833b80be9ca014f9027e33799ba9ec) Importer(815301076,1909f56bfc062723c751e8b465ee728b)
Start importing Assets/_VisualEffectAssets/p03.vfx using Guid(11833b80be9ca014f9027e33799ba9ec) Importer(815301076,1909f56bfc062723c751e8b465ee728b)  -> (artifact id: '7fe7995b856e87cb1cb5b06cbac6a867') in 0.661515 seconds 
========================================================================
Received Import Request.
  Time since last request: 41.832102 seconds.
  path: Assets/_VisualEffectAssets/p03.vfx
  artifactKey: Guid(11833b80be9ca014f9027e33799ba9ec) Importer(815301076,1909f56bfc062723c751e8b465ee728b)
Start importing Assets/_VisualEffectAssets/p03.vfx using Guid(11833b80be9ca014f9027e33799ba9ec) Importer(815301076,1909f56bfc062723c751e8b465ee728b)  -> (artifact id: 'ed3d733388b438d9947fe5aeb309659c') in 1.322479 seconds 
